Action: 2, Reward: -8.656461479187012
Action: 2, Reward: -17.281689865112305
Action: 3, Reward: -21.779845458984376
Action: 3, Reward: -27.15420376586914
Action: 3, Reward: -27.443739624023436
Action: 3, Reward: -30.370600402832032
Action: 2, Reward: -33.99239794921875
Action: 2, Reward: -34.33040512084961
Action: 2, Reward: -41.721976318359374
Action: 0, Reward: -35.659033599853515
Action: 0, Reward: -36.19851745605469
Action: 0, Reward: -34.75464157104492
Action: 3, Reward: -38.390501708984374
Action: 3, Reward: -43.01856478881836
Action: 0, Reward: -43.820489837646484
Action: 0, Reward: -45.788475036621094
Action: 3, Reward: -53.80815539550781
Action: 0, Reward: -49.70780773925782
Action: 0, Reward: -51.540739135742186
Action: 0, Reward: -53.75133142089844
Action: 3, Reward: -53.5485078125
Action: 0, Reward: -52.658317016601565
Action: 3, Reward: -54.43146826171875
Action: 0, Reward: -59.66985772705078
Action: 3, Reward: -67.70681964111328
Action: 3, Reward: -68.25766143798828
Action: 3, Reward: -67.0415693359375
Action: 3, Reward: -68.10924450683594
Action: 2, Reward: -59.62065881347657
Action: 3, Reward: -64.4887908935547
Action: 3, Reward: -66.28870428466797
Action: 0, Reward: -67.01517138671875
Action: 3, Reward: -69.39220568847657
Action: 0, Reward: -68.14784686279297
Action: 3, Reward: -69.56111938476562
Action: 0, Reward: -70.05501385498047
Action: 3, Reward: -69.68514501953125
Action: 0, Reward: -61.394128845214844
Action: 3, Reward: -64.82234210205078
Action: 0, Reward: -62.79621276855469
Action: 3, Reward: -63.41827746582031
Action: 0, Reward: -61.2707612915039
Action: 3, Reward: -61.71244451904297
Action: 3, Reward: -60.16409509277344
Action: 3, Reward: -76.04253186035156
Action: 0, Reward: -77.4687421875
Action: 0, Reward: -79.66007385253906
Action: 0, Reward: -81.77127130126954
Action: 3, Reward: -80.86775598144531
Action: 0, Reward: -77.53835729980469
Action: 3, Reward: -81.46857427978516
Action: 0, Reward: -83.31760461425782
Action: 3, Reward: -80.88523431396484
Action: 2, Reward: -69.4929437866211
Action: 1, Reward: -67.13408648681641
Action: 3, Reward: -67.28136657714845
Action: 3, Reward: -66.86729272460937
Action: 0, Reward: -65.92350988769532
Action: 3, Reward: -62.80770385742188
Action: 3, Reward: -64.77577099609374
Action: 3, Reward: -63.866023559570316
Action: 3, Reward: -61.868727294921875
Action: 3, Reward: -62.54364453125
Action: 0, Reward: -62.56299389648437
Action: 3, Reward: -61.58133837890625
Action: 3, Reward: -66.14497094726562
Action: 0, Reward: -69.92915075683594
Action: 0, Reward: -69.45296789550781
Action: 0, Reward: -68.79738671875
Action: 0, Reward: -67.5512158203125
Action: 0, Reward: -68.28993029785155
Action: 0, Reward: -67.01078137207031
Action: 0, Reward: -61.929209350585936
Action: 0, Reward: -61.798834716796875
Action: 3, Reward: -61.03222998046875
Action: 3, Reward: -62.399455444335935
Action: 3, Reward: -63.21650646972656
Action: 0, Reward: -67.8788504638672
Action: 3, Reward: -68.61359118652344
Action: 3, Reward: -69.33785766601562
Action: 3, Reward: -73.3591417236328
Action: 0, Reward: -74.77978942871094
Action: 3, Reward: -70.58395629882813
Action: 3, Reward: -71.08721765136718
Action: 3, Reward: -72.0426943359375
Action: 0, Reward: -71.40383215332031
Action: 0, Reward: -74.15885510253906
Action: 0, Reward: -73.94962609863282
Action: 0, Reward: -78.199666015625
Action: 0, Reward: -74.28628515625
Action: 0, Reward: -74.68789355468749
Action: 0, Reward: -75.83710632324218
Action: 0, Reward: -74.86875476074219
Action: 0, Reward: -74.20519165039062
Action: 3, Reward: -75.21088256835938
Action: 0, Reward: -74.40408129882812
Action: 3, Reward: -74.73264953613281
Action: 3, Reward: -69.42789831542969
Action: 3, Reward: -69.45510864257812
Action: 0, Reward: -72.6659385986328
Action: 3, Reward: -71.67507086181641
Action: 0, Reward: -70.68177593994142
Action: 3, Reward: -71.30271527099609
Action: 1, Reward: -70.42649145507812
Action: 1, Reward: -60.51384545898438
Action: 1, Reward: -55.1871245727539
Action: 3, Reward: -56.01103308105469
Action: 1, Reward: -52.672525268554686
Action: 1, Reward: -58.94254956054688
Action: 0, Reward: -55.84298461914062
Action: 1, Reward: -60.1987841796875
Action: 1, Reward: -59.08430944824219
Action: 1, Reward: -66.78228369140625
Action: 1, Reward: -71.64626196289062
Action: 1, Reward: -73.03892016601563
Action: 0, Reward: -73.30221069335937
Action: 0, Reward: -75.09721997070312
Action: 0, Reward: -69.7465859375
Action: 0, Reward: -70.07729223632812
Action: 0, Reward: -70.2133564453125
Action: 1, Reward: -72.57731872558594
Action: 0, Reward: -67.65668432617187
Action: 2, Reward: -70.26544250488281
Action: 3, Reward: -66.8361470336914
Action: 3, Reward: -54.080056701660155
Action: 2, Reward: -42.57683966064453
Action: 2, Reward: -41.99894036865234
Action: 2, Reward: -39.9102917175293
Action: 2, Reward: -34.638686614990235
Action: 2, Reward: -34.90667434692383
Action: 2, Reward: -33.367046600341794
Action: 2, Reward: -36.82005392456055
Action: 2, Reward: -50.78236663818359
Action: 2, Reward: -80.5285689086914
Action: 2, Reward: -63.57622552490234
Action: 2, Reward: -65.40918347167968
Action: 2, Reward: -75.23000366210937
Action: 1, Reward: -65.05054565429688
Action: 1, Reward: -64.90588134765625
Action: 1, Reward: -63.47097100830078
Action: 1, Reward: -65.83006030273438
Action: 3, Reward: -54.90021008300781
Action: 3, Reward: -54.20469177246094
Action: 3, Reward: -54.852125
Action: 3, Reward: -43.89583651733399
Action: 3, Reward: -42.151397338867184
Action: 3, Reward: -44.88404656982422
Action: 2, Reward: -44.00633673095703
Action: 2, Reward: -46.03836700439453
Action: 2, Reward: -49.124211425781255
Action: 2, Reward: -49.741165405273435
Action: 2, Reward: -50.062735717773435
Action: 2, Reward: -50.44954278564453
Action: 2, Reward: -50.77571643066406
Action: 2, Reward: -52.46194891357422
Action: 3, Reward: -48.95782641601563
Action: 3, Reward: -56.52231689453125
Action: 0, Reward: -52.17004956054687
Action: 3, Reward: -51.634148315429684
Action: 3, Reward: -55.90846362304688
Action: 2, Reward: -65.83896350097656
Action: 2, Reward: -63.183448120117184
Action: 2, Reward: -65.05076086425781
Action: 2, Reward: -63.82758703613281
Action: 2, Reward: -66.75014453125
Action: 0, Reward: -56.31949304199219
Action: 2, Reward: -56.905259399414064
Action: 2, Reward: -57.65060864257812
Action: 2, Reward: -58.91915673828125
Action: 2, Reward: -62.622515136718754
Action: 0, Reward: -64.83741076660156
Action: 0, Reward: -59.10611663818359
Action: 0, Reward: -61.47620959472656
Action: 2, Reward: -62.05717877197266
Action: 2, Reward: -62.23061346435547
Action: 2, Reward: -63.20668200683594
Action: 1, Reward: -48.753200927734376
Action: 2, Reward: -57.692607482910155
Action: 3, Reward: -61.79209545898438
Action: 0, Reward: -62.648495605468746
Action: 0, Reward: -56.145344482421876
Action: 2, Reward: -52.660114990234376
Action: 2, Reward: -53.559400390625
Action: 2, Reward: -54.654377441406254
Action: 3, Reward: -42.17522518920899
Action: 2, Reward: -43.94106527709961
Action: 2, Reward: -43.82587313842774
Action: 2, Reward: -44.01578164672851
Action: 2, Reward: -50.60358227539062
Action: 3, Reward: -37.775611389160154
Action: 2, Reward: -34.350717315673826
Action: 2, Reward: -37.64734332275391
Action: 2, Reward: -56.14044689941406
Action: 0, Reward: -47.80614068603516
Action: 2, Reward: -45.019032012939455
Action: 2, Reward: -45.11188442993164
Action: 2, Reward: -54.84051837158203
Action: 0, Reward: -48.869000671386715
Action: 2, Reward: -53.29475958251953
Action: 2, Reward: -56.42050109863281
Action: 2, Reward: -68.15915661621094
Action: 0, Reward: -74.81337567138672
Action: 0, Reward: -78.83640417480468
Action: 2, Reward: -75.17088195800781
Action: 0, Reward: -74.01582641601563
Action: 1, Reward: -60.76034259033203
Action: 0, Reward: -60.779427307128906
Action: 0, Reward: -53.99727972412109
Action: 0, Reward: -54.016367797851565
Action: 2, Reward: -47.925943115234375
Action: 2, Reward: -50.047752563476564
Action: 2, Reward: -50.23888726806641
Action: 2, Reward: -49.03811376953125
Action: 0, Reward: -48.314570617675784
Action: 2, Reward: -50.60186334228516
Action: 2, Reward: -49.210503967285156
Action: 2, Reward: -49.92295697021484
Action: 1, Reward: -53.79420849609375
Action: 1, Reward: -49.537115844726564
Action: 1, Reward: -44.33419506835938
Action: 3, Reward: -32.548293487548825
Action: 3, Reward: -25.55764810180664
Action: 3, Reward: -29.3157197265625
Action: 3, Reward: -22.713830230712894
Action: 3, Reward: -32.84838595581055
Action: 3, Reward: -44.00303213500977
Action: 3, Reward: -45.49782070922852
Action: 3, Reward: -48.91821618652344
Action: 2, Reward: -47.816396118164064
Action: 3, Reward: -55.37294445800781
Action: 2, Reward: -62.3238427734375
Action: 2, Reward: -59.253876098632816
Action: 2, Reward: -58.96655767822266
Action: 2, Reward: -53.89735754394531
Action: 2, Reward: -51.82976220703125
Action: 3, Reward: -54.32307702636719
Action: 3, Reward: -56.48923449707031
Action: 3, Reward: -54.255773193359374
Action: 1, Reward: -53.415800231933595
Action: 1, Reward: -52.50373785400391
Action: 1, Reward: -46.19980374145508
Action: 1, Reward: -42.78234725952149
Action: 1, Reward: -37.439936706542966
Action: 1, Reward: -34.42942105102539
Action: 3, Reward: -35.04737570190429
Action: 1, Reward: -37.81981991577149
Action: 3, Reward: -40.35516824340821
Action: 3, Reward: -40.68911569213867
Action: 3, Reward: -54.88016192626953
Action: 2, Reward: -47.27857940673828
Action: 2, Reward: -47.008538269042965
Action: 3, Reward: -49.15987536621094
Action: 2, Reward: -39.82950198364258
Action: 2, Reward: -40.2834716796875
Action: 2, Reward: -40.837491119384765
Action: 2, Reward: -35.830823455810545
Action: 3, Reward: -44.951320098876955
Action: 3, Reward: -53.26385791015625
Action: 1, Reward: -50.65360888671875
Action: 1, Reward: -50.659537536621094
Action: 1, Reward: -38.791836822509765
Action: 1, Reward: -33.257374298095705
Action: 1, Reward: -34.39302883911133
Action: 1, Reward: -32.99057843017578
Action: 1, Reward: -33.16765966796875
Action: 1, Reward: -39.45309066772461
Action: 1, Reward: -43.369520751953125
Action: 1, Reward: -45.222216796875
Action: 1, Reward: -59.99383337402344
Action: 1, Reward: -59.67458740234375
Action: 1, Reward: -64.17496484375
Action: 1, Reward: -69.23898529052735
Action: 3, Reward: -67.92094549560547
Action: 3, Reward: -61.32646936035156
Action: 0, Reward: -60.245480407714844
Action: 0, Reward: -59.982994140625
Action: 1, Reward: -55.79480645751953
Action: 0, Reward: -50.776285034179686
Action: 3, Reward: -49.51857843017578
Action: 1, Reward: -49.473075439453126
Action: 1, Reward: -49.69699981689453
Action: 0, Reward: -43.84406048583984
Action: 1, Reward: -45.39146978759766
Action: 1, Reward: -45.996590393066406
Action: 1, Reward: -46.678615478515624
Action: 1, Reward: -51.931190307617186
Action: 1, Reward: -54.07139331054688
Action: 0, Reward: -50.24171411132812
Action: 0, Reward: -55.29672570800781
Action: 0, Reward: -52.86979107666016
Action: 0, Reward: -55.07766516113281
Action: 0, Reward: -53.56937072753907
Action: 3, Reward: -43.05173980712891
Action: 3, Reward: -33.061862670898435
Action: 1, Reward: -34.249077423095706
Action: 1, Reward: -33.87595669555664
Action: 1, Reward: -34.38156561279297
Action: 3, Reward: -33.75787225341797
Action: 2, Reward: -37.52392715454101
Action: 2, Reward: -31.93714791870117
Action: 2, Reward: -20.40913916015625
Action: 2, Reward: -18.171686828613282
Action: 2, Reward: -20.383423889160156
Action: 3, Reward: -17.45855758666992
Action: 2, Reward: -31.261154205322267
Action: 2, Reward: -30.061419555664063
Action: 2, Reward: -34.59678009033203
Action: 1, Reward: -33.7269313659668
Action: 1, Reward: -36.92273114013672
Action: 1, Reward: -40.75837173461914
Action: 1, Reward: -41.70022964477539
Action: 1, Reward: -44.69079684448242
Action: 3, Reward: -38.225616699218754
Action: 3, Reward: -31.84528060913086
Action: 3, Reward: -30.454114868164062
Action: 3, Reward: -29.217812561035156
Action: 3, Reward: -28.242219604492185
Action: 3, Reward: -32.521930908203124
Action: 2, Reward: -35.836314544677734
Action: 2, Reward: -35.88448208618164
Action: 2, Reward: -37.393788879394535
Action: 2, Reward: -37.29187786865235
Action: 1, Reward: -38.05307907104493
Action: 3, Reward: -38.33989013671875
Action: 1, Reward: -35.572498992919925
Action: 1, Reward: -29.04576077270508
Action: 1, Reward: -29.19769924926758
Action: 1, Reward: -28.656209075927734
Action: 3, Reward: -29.161217926025394
Action: 2, Reward: -25.910487701416017
Action: 3, Reward: -26.487189544677733
Action: 3, Reward: -31.879440673828125
Action: 1, Reward: -37.12452410888672
Action: 3, Reward: -32.746800842285154
Action: 3, Reward: -30.130121795654297
Action: 3, Reward: -30.987193786621095
Action: 3, Reward: -37.212612121582026
Action: 1, Reward: -36.29015982055664
Action: 1, Reward: -36.855864929199214
Action: 1, Reward: -39.15392904663086
Action: 1, Reward: -39.591128356933595
Action: 1, Reward: -42.69256631469727
Action: 1, Reward: -45.54077893066406
Action: 1, Reward: -47.06890246582031
Action: 1, Reward: -55.903415283203124
Action: 1, Reward: -57.14741284179687
Action: 3, Reward: -61.9171650390625
Action: 1, Reward: -65.72113659667968
Action: 1, Reward: -59.27643542480469
Action: 2, Reward: -56.895980590820315
Action: 3, Reward: -53.03337109375
Action: 0, Reward: -50.770294006347655
Action: 2, Reward: -53.14473425292969
Action: 3, Reward: -42.990819213867184
Action: 3, Reward: -41.594523223876955
Action: 3, Reward: -41.44201712036133
Action: 1, Reward: -42.59157730102539
Action: 3, Reward: -38.12519287109375
Action: 1, Reward: -39.58987078857422
Action: 1, Reward: -38.852310668945314
Action: 1, Reward: -40.52635424804687
Action: 2, Reward: -42.055540771484374
Action: 3, Reward: -42.36974597167969
Action: 2, Reward: -36.08221948242188
Action: 3, Reward: -37.16350601196289
Action: 2, Reward: -28.081011993408204
Action: 3, Reward: -29.557008148193358
Action: 3, Reward: -29.678288757324218
Action: 3, Reward: -35.05273098754883
Action: 3, Reward: -32.027376098632814
Action: 3, Reward: -32.57781573486328
Action: 3, Reward: -37.97903622436523
Action: 1, Reward: -39.16753552246094
Action: 1, Reward: -41.51089562988281
Action: 1, Reward: -39.01983026123047
Action: 1, Reward: -36.915725494384766
Action: 1, Reward: -36.97232608032226
Action: 1, Reward: -44.84639376831055
Action: 1, Reward: -49.772065917968746
Action: 1, Reward: -48.97417065429688
Action: 1, Reward: -54.656112548828126
Action: 1, Reward: -55.343034851074215
Action: 1, Reward: -61.15622399902344
Action: 0, Reward: -57.93136932373047
Action: 0, Reward: -61.49601245117188
Action: 0, Reward: -53.32146875
Action: 3, Reward: -52.516941040039065
Action: 3, Reward: -51.65961553955078
Action: 3, Reward: -40.592073303222655
Action: 3, Reward: -31.050350646972653
Action: 3, Reward: -30.71941165161133
Action: 1, Reward: -33.45836737060547
Action: 2, Reward: -13.609263412475588
Action: 3, Reward: -22.56823181152344
Action: 3, Reward: -23.30078466796875
Action: 3, Reward: -22.20953332519531
Action: 3, Reward: -42.799719451904295
Action: 2, Reward: -39.4179436340332
Action: 3, Reward: -43.109691131591795
Action: 2, Reward: -38.96235745239258
