Action: 1, Reward: -14.427740509033203
Action: 1, Reward: -21.38057662963867
Action: 1, Reward: -41.74763653564453
Action: 2, Reward: -26.609284423828125
Action: 1, Reward: -38.817696166992185
Action: 1, Reward: -47.97773760986328
Action: 1, Reward: -52.7038427734375
Action: 1, Reward: -54.38338928222656
Action: 1, Reward: -64.70273095703125
Action: 1, Reward: -67.06207800292968
Action: 1, Reward: -70.76380413818359
Action: 1, Reward: -71.13570831298829
Action: 1, Reward: -71.73083319091796
Action: 1, Reward: -76.83241339111328
Action: 1, Reward: -79.79783135986328
Action: 1, Reward: -81.34244201660157
Action: 1, Reward: -81.07441876220703
Action: 1, Reward: -79.35426428222657
Action: 1, Reward: -83.32040802001953
Action: 1, Reward: -87.38311883544922
Action: 1, Reward: -85.21929443359375
Action: 1, Reward: -87.42717364501954
Action: 1, Reward: -90.56093182373047
Action: 1, Reward: -93.84355981445313
Action: 1, Reward: -96.66167706298828
Action: 1, Reward: -89.57688446044922
Action: 0, Reward: -93.34574737548829
Action: 1, Reward: -89.58236437988282
Action: 1, Reward: -96.84705474853516
Action: 1, Reward: -95.35828979492187
Action: 1, Reward: -94.74465789794922
Action: 1, Reward: -98.494908203125
Action: 1, Reward: -101.2827724609375
Action: 1, Reward: -101.03917370605468
Action: 2, Reward: -101.49137969970702
Action: 1, Reward: -104.01910009765625
Action: 1, Reward: -104.18162976074218
Action: 1, Reward: -102.4491064453125
Action: 1, Reward: -98.44292651367188
Action: 1, Reward: -104.5651563720703
Action: 1, Reward: -105.00652624511719
Action: 1, Reward: -98.89830554199219
Action: 1, Reward: -97.46565283203125
Action: 1, Reward: -103.26909289550781
Action: 1, Reward: -96.74801403808594
Action: 1, Reward: -98.1105225830078
Action: 1, Reward: -98.8474517211914
Action: 1, Reward: -102.37164758300781
Action: 1, Reward: -101.01199072265625
Action: 1, Reward: -98.02830670166016
Action: 1, Reward: -100.42300115966796
Action: 1, Reward: -103.48314868164063
Action: 1, Reward: -100.95038330078125
Action: 1, Reward: -96.5336478881836
Action: 1, Reward: -100.23944415283204
Action: 1, Reward: -101.79648986816406
Action: 1, Reward: -104.56158679199218
Action: 1, Reward: -99.53466528320313
Action: 1, Reward: -99.53858465576172
Action: 1, Reward: -105.03510034179688
Action: 1, Reward: -107.70837548828125
Action: 1, Reward: -101.22702722167969
Action: 1, Reward: -104.04443322753906
Action: 1, Reward: -107.46929919433593
Action: 1, Reward: -108.08630346679688
Action: 1, Reward: -102.14046502685547
Action: 1, Reward: -105.37669506835937
Action: 1, Reward: -107.57230078125
Action: 1, Reward: -109.68084387207031
Action: 1, Reward: -100.27303985595702
Action: 1, Reward: -106.12134857177735
Action: 1, Reward: -106.98166638183594
Action: 1, Reward: -108.4877705078125
Action: 1, Reward: -103.38601788330078
Action: 1, Reward: -103.17367919921875
Action: 1, Reward: -106.18802087402344
Action: 1, Reward: -106.57394274902344
Action: 1, Reward: -106.24101318359375
Action: 1, Reward: -107.05745135498047
Action: 1, Reward: -110.37968481445313
Action: 1, Reward: -102.28792761230468
Action: 1, Reward: -105.42779296875
Action: 1, Reward: -103.04281762695312
Action: 1, Reward: -106.87510156249999
Action: 1, Reward: -106.93493078613281
Action: 1, Reward: -105.99625988769532
Action: 1, Reward: -111.6286235961914
Action: 1, Reward: -109.88643127441406
Action: 1, Reward: -113.8826798095703
Action: 1, Reward: -103.99288970947265
Action: 1, Reward: -108.48523852539063
Action: 1, Reward: -112.40857971191406
Action: 3, Reward: -107.088357421875
Action: 1, Reward: -97.54326837158203
Action: 0, Reward: -99.8361707763672
Action: 1, Reward: -108.80531909179687
Action: 1, Reward: -108.66204406738282
Action: 1, Reward: -100.3953754272461
Action: 1, Reward: -103.97510656738281
Action: 1, Reward: -108.26943237304687
Action: 1, Reward: -107.68346240234375
Action: 1, Reward: -100.41582763671875
Action: 2, Reward: -102.1718471069336
Action: 2, Reward: -101.13987756347656
Action: 2, Reward: -99.4817998046875
Action: 3, Reward: -85.71384393310547
Action: 2, Reward: -87.08225579833984
Action: 2, Reward: -85.80195092773437
Action: 1, Reward: -86.52512023925782
Action: 2, Reward: -75.65998754882813
Action: 2, Reward: -77.25989416503907
Action: 2, Reward: -76.9082615966797
Action: 2, Reward: -73.15529907226562
Action: 2, Reward: -69.94923004150391
Action: 1, Reward: -72.99273510742188
Action: 2, Reward: -72.01436083984375
Action: 2, Reward: -76.06744598388671
Action: 2, Reward: -75.28204650878907
Action: 2, Reward: -73.4731845703125
Action: 2, Reward: -75.58248724365234
Action: 2, Reward: -75.63167742919921
Action: 2, Reward: -73.61375524902344
Action: 2, Reward: -83.91106640625
Action: 2, Reward: -84.378673828125
Action: 2, Reward: -84.21814013671874
Action: 2, Reward: -89.25778778076172
Action: 2, Reward: -90.1625977783203
Action: 2, Reward: -90.36591003417968
Action: 2, Reward: -95.12142224121094
Action: 2, Reward: -94.85882763671876
Action: 3, Reward: -98.73498767089843
Action: 2, Reward: -103.12396032714844
Action: 2, Reward: -104.33699670410157
Action: 2, Reward: -94.31790020751953
Action: 2, Reward: -97.69268206787109
Action: 2, Reward: -103.40031481933593
Action: 2, Reward: -100.03666302490234
Action: 2, Reward: -95.07589941406249
Action: 2, Reward: -106.00237408447265
Action: 2, Reward: -103.11105017089844
Action: 2, Reward: -102.98631286621094
Action: 2, Reward: -100.47926062011719
Action: 2, Reward: -99.62428820800781
Action: 2, Reward: -103.75441784667969
Action: 3, Reward: -99.67123071289062
Action: 3, Reward: -92.5809287109375
Action: 1, Reward: -91.3644691772461
Action: 1, Reward: -91.21869055175782
Action: 1, Reward: -83.52743969726562
Action: 1, Reward: -74.65913995361328
Action: 1, Reward: -75.31366864013671
Action: 1, Reward: -75.7616551513672
Action: 2, Reward: -76.33815417480469
Action: 2, Reward: -70.70327001953125
Action: 2, Reward: -69.86992846679688
Action: 2, Reward: -72.9716845703125
Action: 2, Reward: -74.83757287597656
Action: 2, Reward: -70.52823583984375
Action: 2, Reward: -72.02417395019532
Action: 2, Reward: -73.59382189941405
Action: 1, Reward: -76.06269885253906
Action: 2, Reward: -72.26947119140625
Action: 2, Reward: -72.12684460449219
Action: 2, Reward: -75.31002551269532
Action: 2, Reward: -74.42042761230469
Action: 2, Reward: -73.94482421875
Action: 2, Reward: -72.14498120117187
Action: 3, Reward: -70.05782971191407
Action: 2, Reward: -70.34791925048827
Action: 2, Reward: -73.40175286865235
Action: 3, Reward: -71.75780633544922
Action: 3, Reward: -72.17370129394531
Action: 2, Reward: -73.89142956542969
Action: 2, Reward: -75.42716784667968
Action: 2, Reward: -79.16545239257812
Action: 2, Reward: -83.56797039794921
Action: 1, Reward: -85.99357934570313
Action: 2, Reward: -84.2998960571289
Action: 2, Reward: -87.44524780273437
Action: 1, Reward: -84.27554577636718
Action: 1, Reward: -85.47382745361328
Action: 2, Reward: -83.62906213378906
Action: 3, Reward: -86.20615600585938
Action: 3, Reward: -86.83829956054687
Action: 2, Reward: -85.56025592041016
Action: 2, Reward: -82.66897717285156
Action: 2, Reward: -79.2774208984375
Action: 2, Reward: -86.37119073486329
Action: 0, Reward: -78.22273974609375
Action: 2, Reward: -76.09523425292969
Action: 2, Reward: -77.87717358398437
Action: 2, Reward: -75.46638793945313
Action: 0, Reward: -71.52791015625
Action: 0, Reward: -66.1488963623047
Action: 2, Reward: -67.86390356445312
Action: 2, Reward: -70.06411328125
Action: 2, Reward: -68.55835437011719
Action: 0, Reward: -62.91927239990234
Action: 2, Reward: -64.56002435302734
Action: 0, Reward: -63.50839117431641
Action: 0, Reward: -64.04068927001953
Action: 0, Reward: -64.51908935546875
Action: 0, Reward: -65.31036389160155
Action: 1, Reward: -63.506581359863276
Action: 1, Reward: -57.81868518066406
Action: 1, Reward: -51.598931396484375
Action: 1, Reward: -50.672622802734374
Action: 1, Reward: -52.63324768066406
Action: 2, Reward: -55.432494079589844
Action: 1, Reward: -51.42098907470703
Action: 2, Reward: -55.038191955566404
Action: 2, Reward: -55.91155859375
Action: 2, Reward: -58.172439636230465
Action: 2, Reward: -60.77543670654297
Action: 2, Reward: -62.51547918701172
Action: 2, Reward: -63.235555725097655
Action: 3, Reward: -51.497748474121096
Action: 2, Reward: -47.861404296875
Action: 2, Reward: -46.17338958740235
Action: 2, Reward: -50.2776781616211
Action: 2, Reward: -49.36699884033203
Action: 2, Reward: -45.794262268066404
Action: 2, Reward: -51.59094799804687
Action: 2, Reward: -55.53405737304687
Action: 2, Reward: -55.159983337402345
Action: 2, Reward: -56.896938720703126
Action: 2, Reward: -61.35813800048828
Action: 2, Reward: -62.88097583007813
Action: 0, Reward: -59.09247766113281
Action: 2, Reward: -60.26159362792969
Action: 0, Reward: -70.40616491699218
Action: 0, Reward: -67.25298663330078
Action: 0, Reward: -63.92925262451172
Action: 0, Reward: -62.646515075683595
Action: 0, Reward: -76.97002398681641
Action: 0, Reward: -74.88269348144532
Action: 2, Reward: -73.37378002929688
Action: 0, Reward: -72.63868591308594
Action: 0, Reward: -74.50717321777344
Action: 0, Reward: -72.44288592529297
Action: 2, Reward: -74.00107080078125
Action: 2, Reward: -69.00460668945313
Action: 2, Reward: -70.71320318603516
Action: 2, Reward: -72.52758886718749
Action: 2, Reward: -75.03046704101563
Action: 2, Reward: -67.60320227050781
Action: 1, Reward: -77.89119018554688
Action: 3, Reward: -74.06549505615234
Action: 3, Reward: -65.38474560546875
Action: 0, Reward: -64.18653320312501
Action: 0, Reward: -67.88030810546874
Action: 0, Reward: -69.09960382080078
Action: 0, Reward: -70.37162689208984
Action: 0, Reward: -69.12345141601563
Action: 0, Reward: -72.773162109375
Action: 2, Reward: -69.63227880859375
Action: 0, Reward: -71.68578796386718
Action: 2, Reward: -67.78433489990235
Action: 1, Reward: -68.89153485107423
Action: 1, Reward: -64.08022631835937
Action: 2, Reward: -63.925432373046874
Action: 1, Reward: -53.51017993164063
Action: 1, Reward: -48.948049011230474
Action: 2, Reward: -50.763147399902344
Action: 2, Reward: -49.35007000732422
Action: 2, Reward: -47.925519470214844
Action: 2, Reward: -50.96118139648438
Action: 0, Reward: -50.22584674072266
Action: 1, Reward: -41.10357861328125
Action: 2, Reward: -40.74242584228516
Action: 1, Reward: -40.596691833496095
Action: 2, Reward: -44.67341784667968
Action: 2, Reward: -44.026119140625
Action: 2, Reward: -43.725727478027345
Action: 2, Reward: -47.074682189941406
Action: 2, Reward: -45.73286614990234
Action: 2, Reward: -48.35818920898438
Action: 1, Reward: -46.75203472900391
Action: 2, Reward: -63.70063104248047
Action: 1, Reward: -63.94268579101562
Action: 1, Reward: -64.29549163818359
Action: 1, Reward: -63.83905401611328
Action: 1, Reward: -70.53669232177735
Action: 1, Reward: -68.2656664428711
Action: 1, Reward: -71.69250964355469
Action: 2, Reward: -67.66011254882812
Action: 1, Reward: -76.00079284667969
Action: 1, Reward: -78.55871636962891
Action: 1, Reward: -75.88318865966797
Action: 1, Reward: -74.52426831054687
Action: 1, Reward: -76.86025805664062
Action: 0, Reward: -74.3304765625
Action: 2, Reward: -76.17555206298829
Action: 2, Reward: -73.31824517822265
Action: 2, Reward: -72.7118423461914
Action: 0, Reward: -74.4189638671875
Action: 2, Reward: -74.4206064453125
Action: 2, Reward: -75.10505645751954
Action: 2, Reward: -73.81176971435548
Action: 2, Reward: -75.64741857910155
Action: 2, Reward: -76.88940393066406
Action: 2, Reward: -74.02468652343751
Action: 3, Reward: -72.15036309814452
Action: 2, Reward: -75.07456329345703
Action: 2, Reward: -74.19966479492189
Action: 2, Reward: -76.29592126464843
Action: 2, Reward: -72.98861840820312
Action: 2, Reward: -72.83140441894531
Action: 0, Reward: -68.21928240966797
Action: 0, Reward: -60.45330749511719
Action: 0, Reward: -56.66119787597656
Action: 0, Reward: -57.18790551757812
Action: 0, Reward: -53.77203076171875
Action: 0, Reward: -57.74470788574219
Action: 2, Reward: -64.20294836425781
Action: 3, Reward: -62.10781414794921
Action: 1, Reward: -56.267103942871096
Action: 3, Reward: -48.75423303222656
Action: 1, Reward: -53.69757092285156
Action: 3, Reward: -51.72236706542969
Action: 3, Reward: -44.83783868408203
Action: 2, Reward: -44.58273565673828
Action: 2, Reward: -45.811556152343755
Action: 2, Reward: -47.02431469726562
Action: 2, Reward: -48.16304034423828
Action: 2, Reward: -47.69060314941406
Action: 2, Reward: -49.281233764648434
Action: 3, Reward: -48.37812591552735
Action: 3, Reward: -42.104884948730465
Action: 2, Reward: -40.93297521972656
Action: 0, Reward: -40.23916162109375
Action: 0, Reward: -37.83338177490234
Action: 2, Reward: -39.66076806640625
Action: 3, Reward: -37.90468682861328
Action: 2, Reward: -37.93127111816406
Action: 3, Reward: -39.83833856201172
Action: 3, Reward: -40.63699761962891
Action: 2, Reward: -49.47511883544922
Action: 2, Reward: -60.37922381591797
Action: 2, Reward: -61.702739074707026
Action: 2, Reward: -59.63803045654297
Action: 2, Reward: -56.783068725585935
Action: 2, Reward: -70.43303057861328
Action: 0, Reward: -67.10801763916015
Action: 2, Reward: -65.86724438476563
Action: 0, Reward: -55.284835205078124
Action: 2, Reward: -67.26333544921874
Action: 3, Reward: -65.58073461914063
Action: 3, Reward: -68.63222045898438
Action: 0, Reward: -60.13595251464844
Action: 3, Reward: -57.80371942138672
Action: 3, Reward: -60.731088928222654
Action: 3, Reward: -61.87479626464844
Action: 3, Reward: -61.56364672851562
Action: 3, Reward: -60.85893817138672
Action: 2, Reward: -61.148669799804686
Action: 2, Reward: -57.542457702636725
Action: 2, Reward: -57.87841259765625
Action: 2, Reward: -57.96466058349609
Action: 2, Reward: -59.11334057617188
Action: 2, Reward: -59.085368835449216
Action: 2, Reward: -57.98258227539063
Action: 2, Reward: -58.46153100585938
Action: 2, Reward: -61.57013610839844
Action: 2, Reward: -59.38773968505859
Action: 2, Reward: -60.20989855957031
Action: 2, Reward: -59.30035711669922
Action: 0, Reward: -59.24819842529297
Action: 3, Reward: -58.82143188476562
Action: 3, Reward: -63.17593438720703
Action: 0, Reward: -63.45193194580078
Action: 0, Reward: -63.15947735595703
Action: 0, Reward: -56.08471875
Action: 2, Reward: -61.68702526855469
Action: 0, Reward: -64.67884057617188
Action: 0, Reward: -64.68418072509766
Action: 0, Reward: -59.43643884277344
Action: 0, Reward: -55.4924755859375
Action: 2, Reward: -53.936337524414064
Action: 2, Reward: -58.34848980712891
Action: 0, Reward: -57.61703588867187
Action: 3, Reward: -57.20498107910156
Action: 2, Reward: -59.653485900878906
Action: 2, Reward: -60.46467553710938
Action: 2, Reward: -60.71704144287109
Action: 2, Reward: -57.46365972900391
Action: 2, Reward: -58.931260437011716
Action: 2, Reward: -61.49168041992188
Action: 0, Reward: -61.49997045898438
Action: 2, Reward: -59.084181274414064
Action: 2, Reward: -60.27539459228516
Action: 0, Reward: -60.159929260253904
Action: 0, Reward: -60.32894018554688
Action: 1, Reward: -52.874092712402344
Action: 1, Reward: -50.67683782958984
Action: 3, Reward: -50.88459948730468
Action: 3, Reward: -42.77668713378906
Action: 3, Reward: -39.124259155273435
Action: 3, Reward: -40.63582623291016
Action: 1, Reward: -29.5258291015625
Action: 1, Reward: -27.50019842529297
Action: 1, Reward: -29.28695684814453
Action: 2, Reward: -32.501752685546876
Action: 1, Reward: -29.508668518066408
Action: 1, Reward: -36.14828918457032
Action: 1, Reward: -34.225132720947265
Action: 3, Reward: -34.6152395324707
Action: 3, Reward: -26.968456970214845
Action: 3, Reward: -28.96121389770508
Action: 3, Reward: -31.057787872314456
Action: 3, Reward: -35.588666748046876
Action: 3, Reward: -37.156260009765624
Action: 2, Reward: -39.44943957519531
Action: 2, Reward: -48.836941345214846
Action: 0, Reward: -45.41716833496094
Action: 3, Reward: -48.14835656738281
Action: 3, Reward: -46.37320281982422
Action: 3, Reward: -56.538562072753905
Action: 3, Reward: -56.50178564453125
Action: 3, Reward: -55.79228625488281
Action: 3, Reward: -56.71810632324219
Action: 3, Reward: -63.959425170898434
Action: 3, Reward: -68.58924816894532
Action: 3, Reward: -66.15835113525391
Action: 3, Reward: -66.41164654541015
Action: 0, Reward: -63.2118052368164
Action: 0, Reward: -63.04546551513672
Action: 0, Reward: -53.40091326904297
Action: 0, Reward: -50.81363897705078
Action: 0, Reward: -54.08816461181641
Action: 0, Reward: -59.21042938232422
Action: 0, Reward: -53.9392807006836
Action: 3, Reward: -54.26757635498047
Action: 3, Reward: -63.69087707519531
Action: 3, Reward: -65.89150756835937
Action: 3, Reward: -62.59404748535157
Action: 2, Reward: -63.80940539550781
Action: 2, Reward: -65.14435424804688
Action: 3, Reward: -65.1310972290039
Action: 3, Reward: -63.302742919921876
Action: 3, Reward: -63.001609375
Action: 2, Reward: -64.91590460205077
Action: 3, Reward: -67.05189819335936
Action: 3, Reward: -65.80286761474609
Action: 2, Reward: -59.79011901855469
Action: 2, Reward: -62.47971594238281
Action: 0, Reward: -59.9942841796875
Action: 0, Reward: -62.11134094238281
Action: 0, Reward: -61.26898254394531
Action: 0, Reward: -61.38591223144531
Action: 3, Reward: -64.38226593017578
Action: 3, Reward: -65.02388488769532
Action: 3, Reward: -60.078631286621096
Action: 0, Reward: -61.28112945556641
Action: 0, Reward: -62.840554870605466
Action: 3, Reward: -63.89739312744141
Action: 3, Reward: -59.29495489501953
Action: 0, Reward: -57.709357543945316
Action: 0, Reward: -57.789522277832035
Action: 0, Reward: -61.39861267089844
Action: 2, Reward: -60.00633862304687
Action: 2, Reward: -58.441284729003904
Action: 0, Reward: -59.89822149658203
Action: 0, Reward: -62.28942492675781
Action: 1, Reward: -51.469094848632814
Action: 1, Reward: -48.87240142822266
Action: 1, Reward: -44.63135559082031
Action: 0, Reward: -44.93795251464844
Action: 1, Reward: -44.502608947753906
Action: 1, Reward: -45.85154748535156
Action: 1, Reward: -43.575341796875
Action: 1, Reward: -40.13480657958985
Action: 1, Reward: -41.760055419921876
Action: 1, Reward: -46.18828662109375
Action: 3, Reward: -42.531426513671875
Action: 3, Reward: -44.79404217529297
Action: 1, Reward: -42.27581085205078
Action: 3, Reward: -42.475472167968746
Action: 1, Reward: -46.900301452636725
Action: 3, Reward: -47.73351531982422
Action: 1, Reward: -52.46340502929688
Action: 3, Reward: -53.96986608886719
Action: 3, Reward: -52.3993701171875
Action: 3, Reward: -51.353009643554685
Action: 3, Reward: -57.79448876953125
Action: 1, Reward: -58.84413061523438
Action: 2, Reward: -55.571898437499996
Action: 3, Reward: -58.85479931640625
Action: 1, Reward: -56.17452960205078
Action: 1, Reward: -63.25757409667969
Action: 0, Reward: -58.59611724853516
Action: 1, Reward: -62.25665881347656
Action: 2, Reward: -48.54236810302734
Action: 0, Reward: -53.52522650146484
Action: 0, Reward: -51.09800909423828
Action: 1, Reward: -52.32911511230469
Action: 1, Reward: -49.08276055908203
Action: 1, Reward: -55.73604760742188
Action: 1, Reward: -59.078616333007815
Action: 1, Reward: -56.690336242675784
Action: 1, Reward: -56.388354797363284
Action: 2, Reward: -59.68842999267578
Action: 2, Reward: -56.22335284423828
Action: 2, Reward: -51.66743041992188
Action: 2, Reward: -45.809225158691405
Action: 2, Reward: -44.42970574951172
Action: 3, Reward: -40.07533581542968
Action: 3, Reward: -46.48756793212891
Action: 3, Reward: -46.41524035644531
Action: 1, Reward: -45.55396948242188
Action: 3, Reward: -45.473912658691404
Action: 3, Reward: -45.76613580322266
Action: 3, Reward: -42.769246765136714
Action: 1, Reward: -43.6294599609375
Action: 1, Reward: -40.07443035888672
Action: 1, Reward: -45.06893139648437
Action: 1, Reward: -46.307790344238285
Action: 1, Reward: -46.58527264404297
Action: 1, Reward: -47.08852838134765
Action: 1, Reward: -49.529632690429686
Action: 1, Reward: -46.388445068359374
Action: 3, Reward: -49.0920595703125
Action: 3, Reward: -50.980070068359375
Action: 3, Reward: -54.898847412109376
Action: 3, Reward: -55.71144091796875
Action: 3, Reward: -57.28851989746094
Action: 2, Reward: -53.900489501953125
Action: 3, Reward: -55.22011285400391
Action: 2, Reward: -54.39699322509765
Action: 2, Reward: -53.15279260253906
Action: 2, Reward: -51.71788195800781
Action: 2, Reward: -49.02443408203125
Action: 1, Reward: -48.59525646972656
Action: 1, Reward: -54.94547015380859
Action: 0, Reward: -49.01917657470703
Action: 1, Reward: -48.54874639892578
Action: 2, Reward: -47.080900146484375
Action: 2, Reward: -45.13486938476562
Action: 2, Reward: -47.36286828613281
Action: 2, Reward: -48.63026873779297
Action: 3, Reward: -47.20107305908203
Action: 3, Reward: -44.913982238769535
Action: 3, Reward: -43.83002307128906
Action: 3, Reward: -45.313962585449225
Action: 3, Reward: -45.61634246826172
Action: 3, Reward: -48.17015344238281
Action: 3, Reward: -48.12598651123047
Action: 1, Reward: -47.46420538330078
Action: 1, Reward: -49.6688154296875
Action: 1, Reward: -49.849717895507816
Action: 1, Reward: -46.55944281005859
Action: 1, Reward: -45.81129766845703
Action: 1, Reward: -48.15673864746094
Action: 1, Reward: -48.147262268066406
Action: 3, Reward: -49.33695477294922
Action: 3, Reward: -49.92489538574219
Action: 2, Reward: -45.81986492919922
Action: 3, Reward: -44.56217053222656
Action: 3, Reward: -48.06718048095703
Action: 3, Reward: -49.87188916015625
Action: 2, Reward: -48.99670568847656
Action: 2, Reward: -50.62978881835937
Action: 0, Reward: -48.90697344970703
Action: 1, Reward: -51.29737316894531
Action: 1, Reward: -51.481065551757816
Action: 1, Reward: -53.54019116210937
Action: 1, Reward: -52.2924697265625
Action: 1, Reward: -53.813336914062496
Action: 1, Reward: -54.483575073242186
Action: 0, Reward: -61.144814941406246
Action: 0, Reward: -60.41752648925781
Action: 3, Reward: -61.44541577148438
Action: 0, Reward: -50.51852545166015
Action: 0, Reward: -45.7846089477539
Action: 3, Reward: -47.86641448974609
Action: 3, Reward: -49.30207000732422
Action: 3, Reward: -44.97836633300781
Action: 3, Reward: -41.60270123291016
Action: 2, Reward: -40.01955584716797
Action: 2, Reward: -33.73145907592773
Action: 1, Reward: -38.30478900146484
Action: 2, Reward: -40.01252362060547
Action: 2, Reward: -38.932125091552734
Action: 2, Reward: -31.976643737792966
Action: 1, Reward: -42.12511102294922
Action: 2, Reward: -40.62122869873047
Action: 2, Reward: -43.08832904052734
Action: 3, Reward: -47.84562329101563
Action: 2, Reward: -37.90676922607422
Action: 3, Reward: -33.64955865478516
Action: 3, Reward: -31.39995397949219
Action: 2, Reward: -32.62889352416992
Action: 2, Reward: -30.53497396850586
Action: 1, Reward: -33.98112490844726
Action: 1, Reward: -30.650421936035155
Action: 1, Reward: -27.771174407958984
Action: 2, Reward: -42.17742694091797
Action: 1, Reward: -47.414841674804684
Action: 1, Reward: -45.85214715576172
Action: 3, Reward: -47.523109313964845
Action: 2, Reward: -58.61408728027344
Action: 2, Reward: -54.4455414428711
Action: 2, Reward: -58.674276550292966
Action: 1, Reward: -56.21233465576172
Action: 2, Reward: -59.652792236328125
Action: 3, Reward: -59.023062744140624
Action: 3, Reward: -60.30701446533203
Action: 3, Reward: -55.313031616210935
Action: 3, Reward: -57.3443115234375
Action: 3, Reward: -60.83780334472657
Action: 1, Reward: -57.35913793945313
Action: 1, Reward: -55.594466796875
Action: 1, Reward: -54.151849365234376
Action: 1, Reward: -52.038208862304685
Action: 1, Reward: -54.03408807373047
Action: 1, Reward: -54.6576416015625
Action: 1, Reward: -52.161746276855474
Action: 3, Reward: -50.50331384277344
Action: 3, Reward: -53.226452758789065
Action: 3, Reward: -52.12754016113281
Action: 3, Reward: -52.744865173339846
Action: 3, Reward: -57.5366781616211
Action: 2, Reward: -55.622169006347654
Action: 2, Reward: -49.01615588378907
Action: 2, Reward: -49.280337524414065
Action: 2, Reward: -48.362764404296875
Action: 2, Reward: -49.50860400390625
Action: 2, Reward: -47.16869128417969
Action: 1, Reward: -47.60661175537109
Action: 1, Reward: -49.1846806640625
Action: 1, Reward: -48.20102136230469
Action: 1, Reward: -46.77828192138672
Action: 3, Reward: -44.805588989257814
Action: 3, Reward: -48.28503698730469
Action: 3, Reward: -48.869521484375
Action: 3, Reward: -49.76843103027344
Action: 2, Reward: -47.24821813964844
Action: 2, Reward: -45.41510931396484
Action: 3, Reward: -45.9835297241211
Action: 2, Reward: -46.487193115234376
Action: 2, Reward: -46.35106604003906
Action: 1, Reward: -47.37302685546875
Action: 2, Reward: -47.748959777832034
Action: 1, Reward: -48.469827758789066
Action: 0, Reward: -38.72569299316406
Action: 3, Reward: -40.042590576171875
Action: 1, Reward: -38.480363830566404
Action: 3, Reward: -36.866419830322265
Action: 1, Reward: -31.750947143554686
Action: 2, Reward: -32.94625534057617
Action: 2, Reward: -36.65679156494141
Action: 1, Reward: -35.91209823608399
Action: 1, Reward: -35.440640625
Action: 3, Reward: -32.15422048950195
Action: 0, Reward: -27.496354919433593
Action: 3, Reward: -26.220519439697267
Action: 1, Reward: -33.88747573852539
Action: 3, Reward: -35.97493508911133
Action: 3, Reward: -36.33094149780273
Action: 3, Reward: -39.32012408447265
Action: 3, Reward: -40.428856018066405
Action: 1, Reward: -41.88092205810547
Action: 2, Reward: -43.084540649414066
Action: 1, Reward: -42.71653729248047
Action: 2, Reward: -41.80141925048828
Action: 2, Reward: -37.69612142944336
Action: 3, Reward: -40.06342047119141
Action: 2, Reward: -33.98735662841797
Action: 2, Reward: -43.88614892578125
Action: 3, Reward: -47.39820806884765
Action: 0, Reward: -43.99513134765625
Action: 3, Reward: -43.62870068359375
Action: 3, Reward: -42.63183746337891
Action: 3, Reward: -41.023970764160154
Action: 3, Reward: -42.335763183593755
Action: 1, Reward: -48.46109075927734
Action: 3, Reward: -45.92872155761719
Action: 1, Reward: -48.50869635009765
Action: 2, Reward: -49.353277770996094
Action: 0, Reward: -35.97361334228516
Action: 0, Reward: -28.74003466796875
Action: 0, Reward: -31.250998901367186
Action: 0, Reward: -32.68852880859375
Action: 0, Reward: -25.549703460693358
Action: 0, Reward: -23.785098663330082
Action: 0, Reward: -18.731248168945314
Action: 0, Reward: -18.807495422363285
Action: 0, Reward: -24.29247708129883
Action: 1, Reward: -20.434791168212893
Action: 1, Reward: -22.825006622314454
Action: 1, Reward: -18.009147460937506
Action: 1, Reward: -18.09308517456055
Action: 2, Reward: -21.43811975097656
Action: 1, Reward: -19.79744351196289
Action: 1, Reward: -20.16778594970703
Action: 1, Reward: -20.344745086669924
Action: 1, Reward: -25.266049072265627
Action: 3, Reward: -34.95241165161133
Action: 3, Reward: -33.610799865722655
Action: 2, Reward: -21.909948486328126
Action: 2, Reward: -28.84182760620117
Action: 1, Reward: -40.80895642089844
Action: 0, Reward: -42.84293017578125
Action: 0, Reward: -40.36244946289062
Action: 0, Reward: -43.06778070068359
Action: 3, Reward: -43.39756408691406
Action: 1, Reward: -43.5216181640625
Action: 1, Reward: -48.720792724609375
Action: 3, Reward: -36.44505099487306
Action: 3, Reward: -34.93212850952148
Action: 3, Reward: -31.600611511230472
Action: 3, Reward: -21.514342346191405
Action: 3, Reward: -15.34861563110352
Action: 0, Reward: -14.795582946777348
Action: 0, Reward: -15.677173583984377
Action: 2, Reward: -10.800435760498043
Action: 0, Reward: -10.00659002685547
Action: 0, Reward: -15.831821075439457
Action: 0, Reward: -14.735898681640627
Action: 0, Reward: -10.800974426269534
Action: 1, Reward: -12.336968261718756
Action: 1, Reward: -6.848502624511717
Action: 1, Reward: -7.885657531738282
Action: 1, Reward: -8.996637542724606
Action: 1, Reward: -21.284315979003907
Action: 1, Reward: -17.760678100585938
Action: 1, Reward: -18.756419494628904
Action: 1, Reward: -23.760107299804684
Action: 0, Reward: -24.94280599975586
Action: 0, Reward: -33.36876177978516
Action: 0, Reward: -35.56864105224609
Action: 0, Reward: -34.84287033081055
Action: 0, Reward: -39.880649841308596
Action: 0, Reward: -39.96483337402344
Action: 0, Reward: -43.44007684326172
Action: 1, Reward: -42.50893078613281
Action: 1, Reward: -50.44676300048828
Action: 3, Reward: -50.94780242919922
Action: 2, Reward: -46.12438269042969
Action: 3, Reward: -41.86757421875
Action: 1, Reward: -41.71217297363281
Action: 0, Reward: -50.00055651855469
Action: 0, Reward: -52.56043078613281
Action: 2, Reward: -42.96637164306641
Action: 2, Reward: -36.00204461669922
Action: 1, Reward: -39.72646887207031
Action: 0, Reward: -43.41493359375
Action: 0, Reward: -41.54415008544921
Action: 1, Reward: -40.94013037109375
Action: 1, Reward: -40.28909771728516
Action: 1, Reward: -40.9055151977539
Action: 3, Reward: -31.02537887573242
Action: 1, Reward: -33.927102416992184
Action: 3, Reward: -37.87359118652344
Action: 0, Reward: -39.44583453369141
Action: 3, Reward: -37.5482822265625
Action: 1, Reward: -42.56388385009766
Action: 0, Reward: -42.91088409423828
Action: 0, Reward: -47.75315051269531
Action: 0, Reward: -38.462729125976566
Action: 0, Reward: -33.830779907226564
Action: 0, Reward: -32.58202008056641
Action: 0, Reward: -35.28028601074219
Action: 1, Reward: -37.36469757080078
Action: 1, Reward: -35.34724786376953
Action: 2, Reward: -33.41822741699219
Action: 2, Reward: -29.37392724609375
Action: 2, Reward: -19.435856872558595
Action: 0, Reward: -27.823903564453126
Action: 0, Reward: -31.85850579833984
Action: 2, Reward: -31.695469848632815
Action: 2, Reward: -23.484317962646486
Action: 2, Reward: -26.306346618652345
Action: 2, Reward: -18.012603515625006
Action: 2, Reward: -18.87723110961914
Action: 2, Reward: -18.937858551025386
Action: 2, Reward: -22.34830044555664
Action: 2, Reward: -25.91351513671875
Action: 2, Reward: -26.973033538818356
Action: 2, Reward: -29.28189535522461
Action: 2, Reward: -33.821042419433596
