Action: 0, Reward: -7.196923446655273
Action: 2, Reward: -5.951438751220703
Action: 2, Reward: -14.809935531616212
Action: 2, Reward: -20.487737045288085
Action: 2, Reward: -27.472267456054688
Action: 2, Reward: -32.69295104980469
Action: 1, Reward: -29.68187088012695
Action: 1, Reward: -29.904969635009763
Action: 0, Reward: -31.078828430175783
Action: 2, Reward: -40.77696228027344
Action: 2, Reward: -44.06770416259766
Action: 2, Reward: -43.20700653076172
Action: 2, Reward: -52.20404479980469
Action: 2, Reward: -55.92302581787109
Action: 2, Reward: -57.8104818725586
Action: 2, Reward: -53.99853515625
Action: 2, Reward: -54.88561950683594
Action: 2, Reward: -60.309226989746094
Action: 2, Reward: -64.87340148925782
Action: 2, Reward: -65.883671875
Action: 2, Reward: -68.24948913574218
Action: 2, Reward: -69.2531591796875
Action: 2, Reward: -65.71671386718751
Action: 2, Reward: -70.61735443115234
Action: 2, Reward: -70.39463134765626
Action: 2, Reward: -68.74381530761718
Action: 2, Reward: -70.48678466796875
Action: 2, Reward: -68.37752288818359
Action: 2, Reward: -68.71331146240234
Action: 2, Reward: -74.81117614746094
Action: 2, Reward: -70.44642272949218
Action: 3, Reward: -68.8160317993164
Action: 2, Reward: -64.53551788330078
Action: 2, Reward: -62.2328369140625
Action: 2, Reward: -62.75208404541016
Action: 2, Reward: -65.67237365722656
Action: 2, Reward: -62.159978027343755
Action: 2, Reward: -64.31469940185546
Action: 2, Reward: -67.41030700683594
Action: 2, Reward: -63.29232330322266
Action: 2, Reward: -65.10060974121093
Action: 2, Reward: -72.91400024414062
Action: 2, Reward: -70.64986633300781
Action: 2, Reward: -73.54365264892579
Action: 2, Reward: -74.19370239257813
Action: 1, Reward: -71.79867462158204
Action: 2, Reward: -69.98865783691406
Action: 2, Reward: -72.4213330078125
Action: 2, Reward: -69.68572692871093
Action: 2, Reward: -69.41279571533204
Action: 2, Reward: -73.35273651123046
Action: 1, Reward: -65.186591796875
Action: 2, Reward: -70.43433746337891
Action: 2, Reward: -72.30184295654297
Action: 2, Reward: -69.27949340820312
Action: 2, Reward: -68.58915771484375
Action: 2, Reward: -71.70737670898437
Action: 2, Reward: -69.34134521484376
Action: 2, Reward: -70.02075622558594
Action: 2, Reward: -77.45122406005859
Action: 2, Reward: -72.56513610839843
Action: 2, Reward: -71.6279345703125
Action: 2, Reward: -73.79985473632813
Action: 2, Reward: -77.39923126220702
Action: 2, Reward: -75.00801818847657
Action: 2, Reward: -77.31855926513671
Action: 2, Reward: -77.28136962890625
Action: 2, Reward: -75.23888549804687
Action: 2, Reward: -78.48089721679688
Action: 2, Reward: -76.21902740478515
Action: 2, Reward: -75.97108459472656
Action: 2, Reward: -80.66052490234375
Action: 2, Reward: -77.6683364868164
Action: 2, Reward: -77.86869049072266
Action: 2, Reward: -78.8155450439453
Action: 2, Reward: -79.5066583251953
Action: 2, Reward: -77.24787780761719
Action: 2, Reward: -79.34113677978516
Action: 2, Reward: -77.97021789550782
Action: 2, Reward: -77.79349975585937
Action: 2, Reward: -83.55021850585938
Action: 3, Reward: -74.3462564086914
Action: 2, Reward: -71.46491882324219
Action: 2, Reward: -75.66948669433594
Action: 2, Reward: -73.28552581787109
Action: 2, Reward: -77.5935400390625
Action: 2, Reward: -78.80298400878907
Action: 2, Reward: -74.88256286621093
Action: 2, Reward: -73.25179565429687
Action: 2, Reward: -73.78815216064453
Action: 2, Reward: -74.39281860351562
Action: 2, Reward: -75.87129699707032
Action: 2, Reward: -77.05493530273438
Action: 2, Reward: -79.63903137207032
Action: 2, Reward: -75.71831390380859
Action: 2, Reward: -81.86850616455078
Action: 2, Reward: -76.0175927734375
Action: 2, Reward: -75.27542358398438
Action: 2, Reward: -83.10192413330078
Action: 2, Reward: -80.39520080566406
Action: 2, Reward: -77.41863311767578
Action: 2, Reward: -83.06330444335937
Action: 1, Reward: -76.21833892822265
Action: 1, Reward: -73.70222595214844
Action: 1, Reward: -69.17541931152344
Action: 3, Reward: -53.903134460449216
Action: 1, Reward: -53.10907989501953
Action: 3, Reward: -50.302750244140626
Action: 3, Reward: -43.30436950683594
Action: 3, Reward: -46.64580383300781
Action: 3, Reward: -46.52460845947265
Action: 3, Reward: -61.0984603881836
Action: 0, Reward: -56.62484039306641
Action: 0, Reward: -54.1742660522461
Action: 0, Reward: -53.89828247070312
Action: 0, Reward: -54.11655456542968
Action: 0, Reward: -59.86114929199219
Action: 0, Reward: -60.147080688476564
Action: 0, Reward: -63.87670196533203
Action: 2, Reward: -66.97532104492188
Action: 2, Reward: -64.24548858642578
Action: 2, Reward: -62.197140502929685
Action: 2, Reward: -51.8077001953125
Action: 2, Reward: -56.88521453857422
Action: 2, Reward: -60.66668029785156
Action: 2, Reward: -57.14021850585938
Action: 2, Reward: -63.39943969726562
Action: 2, Reward: -63.10102416992187
Action: 2, Reward: -69.3178790283203
Action: 2, Reward: -74.1662225341797
Action: 0, Reward: -72.30359741210937
Action: 3, Reward: -65.38448974609375
Action: 0, Reward: -64.21728393554687
Action: 3, Reward: -57.51384704589844
Action: 3, Reward: -51.82094757080078
Action: 0, Reward: -45.644957580566405
Action: 3, Reward: -43.556944580078124
Action: 3, Reward: -42.75550109863281
Action: 3, Reward: -48.30982940673829
Action: 3, Reward: -48.925044555664066
Action: 3, Reward: -51.99449676513672
Action: 3, Reward: -66.91109374999999
Action: 3, Reward: -70.24889678955078
Action: 3, Reward: -68.84575378417969
Action: 3, Reward: -69.16578735351563
Action: 1, Reward: -62.869986877441406
Action: 2, Reward: -61.96351318359375
Action: 1, Reward: -62.80468475341797
Action: 1, Reward: -61.041306762695314
Action: 2, Reward: -58.34746765136718
Action: 1, Reward: -58.123380432128904
Action: 1, Reward: -61.95163360595703
Action: 2, Reward: -64.45643615722656
Action: 2, Reward: -59.05950408935547
Action: 3, Reward: -53.933984985351564
Action: 3, Reward: -47.558612976074215
Action: 3, Reward: -46.50546646118164
Action: 3, Reward: -47.08671539306641
Action: 3, Reward: -47.146620178222655
Action: 3, Reward: -46.5104702758789
Action: 0, Reward: -44.49857574462891
Action: 3, Reward: -42.726687622070315
Action: 0, Reward: -50.75508941650391
Action: 0, Reward: -49.87031036376953
Action: 3, Reward: -48.75767761230469
Action: 3, Reward: -58.329104614257815
Action: 3, Reward: -61.407415771484374
Action: 3, Reward: -59.64745727539062
Action: 0, Reward: -56.317568359375
Action: 2, Reward: -51.04662658691406
Action: 3, Reward: -46.46172058105469
Action: 3, Reward: -45.979171142578124
Action: 3, Reward: -48.45938934326172
Action: 3, Reward: -49.666329040527344
Action: 3, Reward: -58.21978088378906
Action: 0, Reward: -58.3470751953125
Action: 0, Reward: -51.504276733398434
Action: 3, Reward: -48.763615112304684
Action: 1, Reward: -43.723934936523435
Action: 3, Reward: -41.43428939819336
Action: 3, Reward: -50.97015350341797
Action: 3, Reward: -53.340475463867186
Action: 0, Reward: -54.287794799804686
Action: 0, Reward: -46.34956573486328
Action: 3, Reward: -45.37491424560547
Action: 0, Reward: -48.63899932861328
Action: 0, Reward: -42.102059020996094
Action: 0, Reward: -41.96533203125
Action: 3, Reward: -44.29718460083008
Action: 3, Reward: -48.032557067871096
Action: 0, Reward: -47.933287353515624
Action: 3, Reward: -48.03864654541015
Action: 3, Reward: -54.10318237304688
Action: 3, Reward: -56.288565979003906
Action: 3, Reward: -57.58743041992187
Action: 3, Reward: -55.8131689453125
Action: 3, Reward: -56.48595001220703
Action: 3, Reward: -57.89382690429687
Action: 2, Reward: -54.162108154296874
Action: 0, Reward: -51.3751904296875
Action: 3, Reward: -55.37625030517578
Action: 2, Reward: -51.76083679199219
Action: 2, Reward: -53.19047790527344
Action: 2, Reward: -48.412164306640626
Action: 2, Reward: -46.96934692382813
Action: 2, Reward: -48.37236022949219
Action: 2, Reward: -51.6347412109375
Action: 2, Reward: -54.37760070800781
Action: 2, Reward: -54.39689270019531
Action: 2, Reward: -59.4658071899414
Action: 0, Reward: -61.92928405761719
Action: 3, Reward: -57.89549652099609
Action: 3, Reward: -59.33504638671875
Action: 3, Reward: -44.30774719238281
Action: 3, Reward: -46.08447052001953
Action: 3, Reward: -42.39747985839844
Action: 3, Reward: -44.593765869140626
Action: 3, Reward: -48.38699768066406
Action: 3, Reward: -54.18641815185547
Action: 0, Reward: -59.16396881103516
Action: 0, Reward: -58.87751434326172
Action: 1, Reward: -52.743795776367186
Action: 1, Reward: -43.323321685791015
Action: 1, Reward: -41.11658645629883
Action: 1, Reward: -34.831117706298826
Action: 1, Reward: -35.02611831665039
Action: 1, Reward: -34.33349090576172
Action: 3, Reward: -34.43959243774414
Action: 1, Reward: -56.11311553955078
Action: 3, Reward: -52.57021453857422
Action: 3, Reward: -52.68547790527344
Action: 2, Reward: -54.167011413574215
Action: 3, Reward: -51.356163330078125
Action: 3, Reward: -49.606854858398435
Action: 3, Reward: -41.567197265625
Action: 1, Reward: -42.015913543701174
Action: 1, Reward: -42.74819137573242
Action: 1, Reward: -43.831881561279296
Action: 1, Reward: -41.66803909301758
Action: 1, Reward: -44.861268310546876
Action: 1, Reward: -44.18064987182617
Action: 2, Reward: -41.408503417968745
Action: 3, Reward: -40.49260711669922
Action: 3, Reward: -43.990908203125
Action: 1, Reward: -51.56001831054688
Action: 3, Reward: -46.779090881347656
Action: 3, Reward: -43.17788208007813
Action: 1, Reward: -49.038201293945306
Action: 3, Reward: -45.69196670532227
Action: 3, Reward: -45.41467193603515
Action: 3, Reward: -46.80591003417969
Action: 3, Reward: -50.75124420166016
Action: 0, Reward: -47.39527618408203
Action: 1, Reward: -46.2317529296875
Action: 0, Reward: -48.54742584228516
Action: 1, Reward: -40.24557174682617
Action: 1, Reward: -42.312578125
Action: 1, Reward: -41.645415496826175
Action: 1, Reward: -41.730225830078126
Action: 1, Reward: -47.54215179443359
Action: 1, Reward: -48.555929260253905
Action: 1, Reward: -61.48452087402344
Action: 0, Reward: -55.04200164794922
Action: 3, Reward: -54.498381042480474
Action: 3, Reward: -50.561448669433595
Action: 1, Reward: -53.067901611328125
Action: 3, Reward: -53.185910949707036
Action: 3, Reward: -41.390697174072265
Action: 1, Reward: -48.021574096679686
Action: 3, Reward: -45.11877197265625
Action: 3, Reward: -42.22953308105468
Action: 1, Reward: -45.18249588012695
Action: 1, Reward: -53.18388702392578
Action: 1, Reward: -55.15456665039063
Action: 1, Reward: -54.98039459228516
Action: 0, Reward: -57.35147216796875
Action: 3, Reward: -53.29521728515625
Action: 1, Reward: -58.52279968261719
Action: 3, Reward: -57.04736541748047
Action: 3, Reward: -51.269822387695314
Action: 1, Reward: -60.16643585205078
Action: 3, Reward: -57.82075592041016
Action: 3, Reward: -53.57524963378906
Action: 0, Reward: -51.090791015625
Action: 3, Reward: -47.63464111328125
Action: 1, Reward: -45.42516677856445
Action: 1, Reward: -43.853887481689455
Action: 1, Reward: -44.94527618408203
Action: 1, Reward: -41.659294281005856
Action: 2, Reward: -37.77367614746094
Action: 3, Reward: -29.271690826416016
Action: 1, Reward: -37.89485321044922
Action: 3, Reward: -36.09717803955078
Action: 3, Reward: -35.962919921875
Action: 3, Reward: -40.383116455078124
Action: 1, Reward: -43.15304138183594
Action: 3, Reward: -41.79246398925781
Action: 3, Reward: -36.444761962890624
Action: 1, Reward: -39.452802124023435
Action: 1, Reward: -45.174727783203124
Action: 1, Reward: -49.12120849609375
Action: 0, Reward: -44.359194641113284
Action: 0, Reward: -41.47555267333984
Action: 1, Reward: -45.14436798095703
Action: 2, Reward: -38.510676574707034
Action: 2, Reward: -30.474830169677734
Action: 2, Reward: -25.098740692138673
Action: 2, Reward: -26.868926696777347
Action: 1, Reward: -24.21354232788086
Action: 1, Reward: -40.2850912475586
Action: 1, Reward: -46.59928680419922
Action: 1, Reward: -47.2872183227539
Action: 1, Reward: -50.1465298461914
Action: 1, Reward: -52.06112579345703
Action: 3, Reward: -54.75547515869141
Action: 3, Reward: -37.14929168701172
Action: 3, Reward: -34.79058990478516
Action: 3, Reward: -34.043343200683594
Action: 3, Reward: -45.94398681640625
Action: 3, Reward: -46.942189941406255
Action: 0, Reward: -43.45943023681641
Action: 0, Reward: -36.464117736816405
Action: 0, Reward: -36.63279083251953
Action: 0, Reward: -34.99074935913086
Action: 1, Reward: -37.44886444091797
Action: 1, Reward: -36.20608306884766
Action: 1, Reward: -30.83771789550781
Action: 1, Reward: -29.04929626464844
Action: 2, Reward: -21.795737915039066
Action: 2, Reward: -20.68713943481445
Action: 0, Reward: -33.62009033203125
Action: 2, Reward: -31.372623138427734
Action: 2, Reward: -29.644526977539062
Action: 2, Reward: -33.593002471923825
Action: 2, Reward: -39.024700012207035
Action: 2, Reward: -42.23816589355469
Action: 2, Reward: -49.495906066894534
Action: 2, Reward: -53.35680908203125
Action: 2, Reward: -52.620811767578125
Action: 2, Reward: -54.8582421875
Action: 2, Reward: -58.462175903320315
Action: 2, Reward: -60.76440185546875
Action: 2, Reward: -59.545268859863285
Action: 2, Reward: -62.21027740478516
Action: 2, Reward: -66.80014617919922
Action: 2, Reward: -63.280651855468754
Action: 2, Reward: -61.22147003173828
Action: 1, Reward: -64.57322509765625
Action: 2, Reward: -63.67519714355468
Action: 0, Reward: -60.624081420898435
Action: 1, Reward: -53.89880889892578
Action: 1, Reward: -47.13663940429687
Action: 1, Reward: -45.71863708496093
Action: 3, Reward: -38.13801849365234
Action: 1, Reward: -32.2541635131836
Action: 3, Reward: -26.031488647460936
Action: 3, Reward: -22.229071807861327
Action: 3, Reward: -22.748347778320316
Action: 2, Reward: -19.296781311035154
Action: 2, Reward: -18.70858596801758
Action: 3, Reward: -32.19626724243164
Action: 2, Reward: -29.98757659912109
Action: 2, Reward: -32.206181030273434
Action: 0, Reward: -26.217381591796876
Action: 2, Reward: -26.191475524902344
Action: 2, Reward: -24.265246582031253
Action: 2, Reward: -38.78830291748047
Action: 2, Reward: -43.68322601318359
Action: 1, Reward: -40.79138702392578
Action: 2, Reward: -47.54315093994141
Action: 2, Reward: -51.5323486328125
Action: 3, Reward: -52.36105102539062
Action: 1, Reward: -47.38600280761719
Action: 2, Reward: -54.42493041992188
Action: 3, Reward: -51.39055725097656
Action: 2, Reward: -56.64444946289062
Action: 3, Reward: -55.18053405761719
Action: 3, Reward: -53.49736602783203
Action: 2, Reward: -48.34634704589844
Action: 2, Reward: -47.580865173339845
Action: 2, Reward: -50.13620788574219
Action: 2, Reward: -49.68793853759766
Action: 2, Reward: -51.7746826171875
Action: 2, Reward: -51.561415405273436
Action: 2, Reward: -54.06286987304688
Action: 0, Reward: -48.74701293945313
Action: 0, Reward: -48.62981994628906
Action: 0, Reward: -51.30225982666016
Action: 3, Reward: -45.40462677001953
Action: 3, Reward: -40.214920349121094
Action: 0, Reward: -35.61939346313476
Action: 1, Reward: -28.272261810302737
Action: 3, Reward: -22.90060333251953
Action: 0, Reward: -34.52344635009766
Action: 2, Reward: -33.886045227050786
Action: 1, Reward: -26.79834701538086
Action: 1, Reward: -31.12595260620117
Action: 2, Reward: -28.23708099365234
Action: 2, Reward: -37.329541320800786
Action: 2, Reward: -33.09570037841797
Action: 2, Reward: -35.61278930664062
Action: 2, Reward: -40.1107536315918
Action: 3, Reward: -32.37417114257813
Action: 3, Reward: -32.17362884521484
Action: 3, Reward: -26.971105041503904
Action: 1, Reward: -31.556415405273437
Action: 1, Reward: -31.3595036315918
Action: 0, Reward: -28.034634552001958
Action: 2, Reward: -25.387540283203123
Action: 3, Reward: -29.820601501464843
Action: 2, Reward: -28.100008697509764
Action: 2, Reward: -29.81947555541992
Action: 2, Reward: -33.775013275146485
Action: 2, Reward: -29.454381408691408
Action: 1, Reward: -34.74973098754883
Action: 3, Reward: -31.324078826904298
Action: 3, Reward: -32.57682205200196
Action: 3, Reward: -35.88674468994141
Action: 2, Reward: -36.81989410400391
Action: 3, Reward: -38.42758880615234
Action: 3, Reward: -35.08965728759766
Action: 3, Reward: -37.12343292236328
Action: 3, Reward: -38.40886871337891
Action: 2, Reward: -38.773727111816406
Action: 2, Reward: -36.828092346191404
Action: 0, Reward: -36.66494613647461
Action: 0, Reward: -34.881834716796874
Action: 0, Reward: -34.17794494628906
Action: 1, Reward: -31.50628662109375
Action: 0, Reward: -28.63315673828125
Action: 0, Reward: -32.38885314941406
Action: 3, Reward: -35.32124847412109
Action: 3, Reward: -36.46066955566406
Action: 3, Reward: -33.907328338623046
Action: 3, Reward: -33.39210083007812
Action: 0, Reward: -50.4781625366211
Action: 2, Reward: -45.66421722412109
Action: 1, Reward: -38.80345230102539
Action: 1, Reward: -22.691864624023438
Action: 1, Reward: -21.8855810546875
Action: 1, Reward: -15.062868499755858
Action: 1, Reward: -24.44080352783203
Action: 3, Reward: -25.989090576171876
Action: 2, Reward: -25.312463378906248
Action: 2, Reward: -24.837117309570313
Action: 1, Reward: -29.290479888916014
Action: 1, Reward: -32.45223159790039
Action: 2, Reward: -40.69919830322266
Action: 2, Reward: -43.315152435302736
Action: 2, Reward: -38.24780899047852
Action: 1, Reward: -34.70597244262696
Action: 1, Reward: -37.755913238525395
Action: 1, Reward: -42.97033584594727
Action: 2, Reward: -48.61472442626953
Action: 3, Reward: -43.29441818237305
Action: 3, Reward: -38.75920440673828
Action: 3, Reward: -27.47199188232422
Action: 3, Reward: -27.21504653930664
Action: 3, Reward: -28.25472152709961
Action: 3, Reward: -36.00304412841797
Action: 2, Reward: -36.16829620361328
Action: 2, Reward: -34.51280395507813
Action: 3, Reward: -51.41062957763672
Action: 0, Reward: -46.79796997070312
Action: 0, Reward: -40.78639312744141
Action: 0, Reward: -38.41300216674804
Action: 1, Reward: -33.01161819458008
Action: 2, Reward: -27.576817626953126
Action: 1, Reward: -18.535776062011717
Action: 1, Reward: -19.29935272216797
Action: 1, Reward: -26.61916549682617
Action: 1, Reward: -37.7871664428711
Action: 2, Reward: -34.11864639282227
Action: 1, Reward: -33.58896606445312
Action: 1, Reward: -48.76692199707031
Action: 2, Reward: -46.239957885742186
Action: 2, Reward: -46.37290252685547
Action: 2, Reward: -49.423587036132815
Action: 2, Reward: -47.99395721435547
Action: 2, Reward: -46.822011108398435
Action: 2, Reward: -53.71599731445312
Action: 2, Reward: -56.538264160156245
Action: 2, Reward: -61.90496337890625
Action: 2, Reward: -59.96336242675781
Action: 3, Reward: -55.06150695800781
Action: 3, Reward: -52.869302368164064
Action: 0, Reward: -46.961163940429685
Action: 0, Reward: -45.18340270996094
Action: 0, Reward: -39.73107833862305
Action: 0, Reward: -33.93454193115234
Action: 1, Reward: -27.581537628173827
Action: 1, Reward: -21.05814483642578
Action: 1, Reward: -21.82764221191406
Action: 0, Reward: -27.613476867675782
Action: 3, Reward: -32.49795516967774
Action: 1, Reward: -44.40510650634765
Action: 0, Reward: -49.15119689941406
Action: 0, Reward: -49.03437744140625
Action: 0, Reward: -46.72656921386719
Action: 0, Reward: -47.43238311767578
Action: 0, Reward: -52.68987365722656
Action: 3, Reward: -42.714301147460944
Action: 0, Reward: -47.453775024414064
Action: 1, Reward: -45.471933593749995
Action: 1, Reward: -37.8234292602539
Action: 3, Reward: -36.57082717895508
Action: 1, Reward: -29.00737335205078
Action: 1, Reward: -27.427317962646487
Action: 1, Reward: -29.262950592041015
Action: 1, Reward: -26.917936096191404
Action: 1, Reward: -37.05538635253906
Action: 1, Reward: -39.9677311706543
Action: 3, Reward: -46.743581542968755
Action: 1, Reward: -51.65476257324219
Action: 2, Reward: -46.63703918457031
Action: 1, Reward: -48.17963195800781
Action: 3, Reward: -45.9956787109375
Action: 3, Reward: -42.578584289550776
Action: 1, Reward: -37.93712860107422
Action: 1, Reward: -38.09135818481445
Action: 1, Reward: -39.618897705078126
Action: 1, Reward: -39.54902755737305
Action: 1, Reward: -36.06614379882812
Action: 1, Reward: -40.547132873535155
Action: 2, Reward: -46.30020690917969
Action: 2, Reward: -36.66106140136719
Action: 2, Reward: -34.04704132080078
Action: 2, Reward: -33.45897552490234
Action: 2, Reward: -43.295006561279294
Action: 3, Reward: -40.108184051513675
Action: 3, Reward: -33.73723358154297
Action: 3, Reward: -26.43519332885742
Action: 1, Reward: -26.091062316894533
Action: 0, Reward: -24.498618774414062
Action: 1, Reward: -25.181078491210936
Action: 1, Reward: -26.68345352172852
Action: 1, Reward: -29.79809204101562
Action: 3, Reward: -33.53617416381836
Action: 1, Reward: -36.92379302978516
Action: 1, Reward: -38.36627182006836
Action: 1, Reward: -55.141358337402345
Action: 2, Reward: -47.549691162109376
Action: 2, Reward: -40.685580749511715
Action: 3, Reward: -36.18954452514649
Action: 3, Reward: -39.46076232910156
Action: 2, Reward: -32.73843597412109
Action: 1, Reward: -32.15012603759766
Action: 1, Reward: -34.902581176757806
Action: 2, Reward: -29.811150817871095
Action: 1, Reward: -36.06815902709961
Action: 2, Reward: -33.140497283935545
Action: 1, Reward: -37.95173660278321
Action: 1, Reward: -36.26512466430664
Action: 1, Reward: -39.61816802978516
Action: 1, Reward: -42.59847564697266
Action: 1, Reward: -49.69792602539063
Action: 0, Reward: -46.12992034912109
Action: 0, Reward: -44.69605697631836
Action: 1, Reward: -43.29618103027344
Action: 1, Reward: -42.39316986083985
Action: 2, Reward: -47.52255950927734
Action: 2, Reward: -46.18900238037109
Action: 1, Reward: -44.813696289062506
Action: 2, Reward: -45.050961303710935
Action: 0, Reward: -35.46943420410156
Action: 2, Reward: -30.87376983642578
Action: 1, Reward: -33.77414474487305
Action: 1, Reward: -35.43820159912109
Action: 0, Reward: -31.490494079589844
Action: 1, Reward: -26.192469787597656
Action: 1, Reward: -22.546673126220703
Action: 1, Reward: -28.561893768310547
Action: 1, Reward: -28.06544540405273
Action: 1, Reward: -36.40941360473633
Action: 1, Reward: -40.71827301025391
Action: 1, Reward: -45.06101318359375
Action: 1, Reward: -51.00854675292969
Action: 0, Reward: -48.47506774902344
Action: 1, Reward: -51.45311737060547
Action: 0, Reward: -48.538230895996094
Action: 1, Reward: -48.38972412109375
Action: 1, Reward: -51.079344482421874
Action: 1, Reward: -48.06450866699218
Action: 1, Reward: -49.216116943359374
Action: 2, Reward: -49.798020629882814
Action: 2, Reward: -34.30002624511719
Action: 1, Reward: -37.82058654785156
Action: 1, Reward: -42.403108825683596
Action: 0, Reward: -39.461511840820314
Action: 1, Reward: -45.19459106445312
Action: 2, Reward: -40.79457473754883
Action: 1, Reward: -47.89586120605469
Action: 0, Reward: -46.738341064453124
Action: 0, Reward: -40.23180374145508
Action: 1, Reward: -35.674664611816404
Action: 1, Reward: -37.57418701171875
Action: 1, Reward: -36.24418548583984
Action: 1, Reward: -44.35918045043945
Action: 2, Reward: -41.622958679199215
Action: 1, Reward: -37.29543563842773
Action: 1, Reward: -42.698771209716796
Action: 0, Reward: -40.30350296020508
Action: 0, Reward: -42.757858428955075
Action: 0, Reward: -35.90747100830078
Action: 2, Reward: -32.5059228515625
Action: 1, Reward: -31.61096206665039
Action: 1, Reward: -34.68102142333984
Action: 1, Reward: -38.66525329589844
Action: 2, Reward: -38.168988647460935
Action: 1, Reward: -35.319446868896485
Action: 1, Reward: -37.90103607177734
Action: 1, Reward: -43.088729553222656
Action: 0, Reward: -35.123249206542965
Action: 0, Reward: -35.98713256835937
Action: 0, Reward: -38.18830230712891
Action: 1, Reward: -48.46591491699219
Action: 0, Reward: -47.481592407226564
Action: 0, Reward: -47.34764282226563
Action: 0, Reward: -43.38009246826172
Action: 0, Reward: -45.76348846435547
Action: 0, Reward: -51.68391235351562
Action: 1, Reward: -49.839243164062495
Action: 1, Reward: -50.7410205078125
Action: 1, Reward: -43.46793472290039
Action: 1, Reward: -43.11276550292969
Action: 1, Reward: -44.66998870849609
Action: 1, Reward: -47.579094848632806
Action: 1, Reward: -41.431134948730474
Action: 1, Reward: -46.21205352783203
Action: 1, Reward: -49.66543518066406
Action: 0, Reward: -51.56779998779297
Action: 0, Reward: -50.353782958984375
Action: 0, Reward: -48.20583312988282
Action: 2, Reward: -32.239707946777344
Action: 2, Reward: -27.966787109375
Action: 2, Reward: -22.601598205566404
Action: 2, Reward: -21.773335113525388
Action: 2, Reward: -25.152718505859376
Action: 2, Reward: -26.98375991821289
Action: 2, Reward: -41.429749755859376
Action: 2, Reward: -45.88158081054688
Action: 2, Reward: -51.12357360839844
Action: 1, Reward: -50.72290740966797
Action: 1, Reward: -51.23896545410156
Action: 1, Reward: -46.7521044921875
Action: 1, Reward: -40.37253219604492
Action: 1, Reward: -42.985742187499994
Action: 2, Reward: -41.99452514648438
Action: 2, Reward: -41.99382568359375
Action: 2, Reward: -43.356631469726565
Action: 2, Reward: -42.714574279785154
Action: 2, Reward: -40.43265472412109
Action: 2, Reward: -42.951733703613286
Action: 2, Reward: -41.835165405273436
Action: 2, Reward: -45.1475326538086
Action: 2, Reward: -45.480001525878905
Action: 2, Reward: -48.56132141113281
Action: 2, Reward: -57.742071838378905
Action: 2, Reward: -56.09715087890625
Action: 2, Reward: -58.11108337402344
Action: 2, Reward: -55.81534820556641
Action: 2, Reward: -54.91922424316407
Action: 0, Reward: -61.2092935180664
Action: 0, Reward: -52.49356719970703
Action: 0, Reward: -49.121336975097655
Action: 0, Reward: -46.37845520019532
Action: 0, Reward: -38.725841674804684
Action: 0, Reward: -43.64010070800781
Action: 2, Reward: -43.86467498779297
Action: 2, Reward: -40.88711685180664
Action: 3, Reward: -36.524940185546875
Action: 0, Reward: -34.76576156616211
Action: 0, Reward: -44.08037551879883
Action: 3, Reward: -39.46475463867188
Action: 0, Reward: -39.301965942382814
Action: 0, Reward: -36.72314727783203
Action: 0, Reward: -41.17284484863281
Action: 0, Reward: -39.10267944335938
Action: 0, Reward: -38.39971252441406
Action: 2, Reward: -36.780714874267574
Action: 2, Reward: -36.275408020019526
Action: 2, Reward: -34.081679077148436
Action: 2, Reward: -33.37507247924805
Action: 2, Reward: -40.86282913208008
Action: 0, Reward: -41.19333923339844
Action: 3, Reward: -36.88760528564453
Action: 3, Reward: -31.117420501708988
Action: 0, Reward: -34.25180603027344
Action: 0, Reward: -37.23152709960938
Action: 0, Reward: -34.742125244140624
Action: 0, Reward: -30.752688598632812
Action: 2, Reward: -31.53267059326172
Action: 0, Reward: -32.57721099853515
Action: 2, Reward: -32.186195068359375
Action: 3, Reward: -29.912456665039063
Action: 3, Reward: -34.74881698608398
Action: 2, Reward: -27.804782104492183
Action: 0, Reward: -29.658655853271483
Action: 3, Reward: -28.294468841552735
Action: 0, Reward: -26.082581634521485
Action: 0, Reward: -28.497204284667966
Action: 3, Reward: -30.9625439453125
Action: 2, Reward: -30.924109954833984
Action: 3, Reward: -30.69272583007813
Action: 2, Reward: -33.18187225341797
Action: 2, Reward: -33.42549758911133
Action: 2, Reward: -34.85232376098633
Action: 2, Reward: -33.2824853515625
Action: 2, Reward: -32.217736816406244
Action: 0, Reward: -31.165392761230468
Action: 0, Reward: -33.39272033691407
Action: 0, Reward: -32.96420013427735
Action: 0, Reward: -32.32944976806641
Action: 0, Reward: -38.68402984619141
Action: 0, Reward: -41.10908599853516
Action: 3, Reward: -35.52620986938477
Action: 2, Reward: -32.7917724609375
Action: 2, Reward: -34.22761703491211
Action: 2, Reward: -36.701486968994146
Action: 2, Reward: -30.58723495483398
Action: 2, Reward: -28.50209930419922
Action: 2, Reward: -30.017711486816403
Action: 3, Reward: -31.090124816894534
Action: 0, Reward: -34.094083862304686
Action: 0, Reward: -35.38517974853515
Action: 0, Reward: -37.44432312011719
Action: 0, Reward: -38.34384552001953
Action: 0, Reward: -39.822062988281246
Action: 3, Reward: -39.882042236328125
Action: 3, Reward: -30.63343475341797
Action: 1, Reward: -24.853363800048825
Action: 2, Reward: -25.417418365478518
Action: 2, Reward: -28.26468231201172
Action: 2, Reward: -26.52037139892578
Action: 2, Reward: -17.69450531005859
Action: 2, Reward: -17.7102880859375
Action: 2, Reward: -22.49998031616211
Action: 3, Reward: -23.26449493408203
Action: 1, Reward: -29.862024841308592
Action: 3, Reward: -30.547523498535156
Action: 3, Reward: -30.16892059326172
Action: 1, Reward: -34.07352828979492
Action: 0, Reward: -28.29170440673828
Action: 3, Reward: -23.214784088134763
Action: 2, Reward: -21.411939697265623
Action: 2, Reward: -24.014517517089846
Action: 2, Reward: -23.46572021484375
Action: 2, Reward: -20.23159637451172
Action: 2, Reward: -24.37433837890625
Action: 2, Reward: -32.90257995605469
Action: 2, Reward: -42.62921585083008
Action: 3, Reward: -38.38833862304688
Action: 3, Reward: -40.812020721435545
Action: 1, Reward: -42.68191436767578
Action: 3, Reward: -41.80444519042969
Action: 3, Reward: -38.90345703125
Action: 3, Reward: -30.849013366699218
Action: 1, Reward: -28.896315460205077
Action: 1, Reward: -25.029212799072262
Action: 2, Reward: -24.566789245605467
Action: 2, Reward: -25.395008850097653
Action: 1, Reward: -23.253054962158203
Action: 1, Reward: -23.2712727355957
Action: 3, Reward: -22.291556396484374
Action: 3, Reward: -22.285723266601558
Action: 3, Reward: -22.289232025146482
Action: 1, Reward: -23.11833053588867
Action: 3, Reward: -25.034560089111327
Action: 3, Reward: -22.938687744140626
Action: 3, Reward: -25.788836669921874
Action: 3, Reward: -31.24605865478516
Action: 3, Reward: -45.54200347900391
Action: 3, Reward: -46.20367980957032
Action: 3, Reward: -46.14332153320313
Action: 0, Reward: -43.120192260742186
Action: 2, Reward: -35.72274993896484
Action: 2, Reward: -38.815140075683594
Action: 2, Reward: -32.176815032958984
Action: 0, Reward: -31.442254943847658
Action: 0, Reward: -24.6608056640625
Action: 0, Reward: -22.268735961914064
Action: 2, Reward: -23.2525
Action: 2, Reward: -28.65695785522461
Action: 2, Reward: -42.02949356079101
Action: 3, Reward: -36.05478103637695
Action: 3, Reward: -28.75297698974609
Action: 3, Reward: -22.264331665039062
Action: 0, Reward: -22.498222961425782
Action: 0, Reward: -24.408672790527344
Action: 1, Reward: -3.2847492218017607
Action: 1, Reward: 3.7921157836914077
Action: 1, Reward: 0.04548484802246122
Action: 1, Reward: -17.186061096191402
Action: 2, Reward: -14.824181518554685
Action: 1, Reward: -13.2291731262207
Action: 1, Reward: -30.578654479980468
Action: 1, Reward: -34.458419189453124
Action: 1, Reward: -40.623108367919926
Action: 3, Reward: -41.56992935180664
Action: 1, Reward: -43.5071728515625
