Action: 2, Reward: -8.004148696899414
Action: 1, Reward: -6.818873817443848
Action: 1, Reward: -17.243356369018553
Action: 1, Reward: -22.13524008178711
Action: 1, Reward: -29.317478210449217
Action: 2, Reward: -30.767091613769534
Action: 1, Reward: -34.630844055175785
Action: 1, Reward: -41.15714639282227
Action: 3, Reward: -37.506714782714845
Action: 3, Reward: -39.11059063720703
Action: 2, Reward: -39.02879092407227
Action: 1, Reward: -42.21188735961914
Action: 3, Reward: -54.23360229492187
Action: 3, Reward: -58.74942785644531
Action: 3, Reward: -61.58681030273438
Action: 3, Reward: -61.842670715332034
Action: 3, Reward: -76.02591680908203
Action: 0, Reward: -72.62341705322265
Action: 3, Reward: -71.10030346679687
Action: 3, Reward: -65.79068920898438
Action: 3, Reward: -64.20071124267578
Action: 3, Reward: -66.24789270019531
Action: 3, Reward: -70.19847021484375
Action: 3, Reward: -67.85194580078125
Action: 3, Reward: -63.666445678710936
Action: 3, Reward: -66.08883666992188
Action: 3, Reward: -69.98286193847656
Action: 3, Reward: -75.99261108398437
Action: 3, Reward: -74.26256005859375
Action: 3, Reward: -74.05925207519532
Action: 3, Reward: -78.73607971191406
Action: 2, Reward: -72.80989727783204
Action: 3, Reward: -69.29802819824219
Action: 3, Reward: -70.15664215087891
Action: 3, Reward: -75.159060546875
Action: 3, Reward: -72.8475394897461
Action: 3, Reward: -66.27724487304687
Action: 3, Reward: -69.98916259765625
Action: 3, Reward: -74.3550415649414
Action: 3, Reward: -72.43393658447266
Action: 3, Reward: -69.46666455078125
Action: 3, Reward: -69.56797131347656
Action: 3, Reward: -75.74367376708985
Action: 3, Reward: -75.70548168945312
Action: 3, Reward: -74.39801110839844
Action: 3, Reward: -73.49256848144532
Action: 3, Reward: -79.439513671875
Action: 3, Reward: -77.71119189453125
Action: 3, Reward: -71.86806384277344
Action: 3, Reward: -73.90958471679687
Action: 3, Reward: -79.7180389404297
Action: 1, Reward: -73.40194256591796
Action: 2, Reward: -58.25270581054687
Action: 1, Reward: -56.02645104980469
Action: 3, Reward: -56.81502734375
Action: 1, Reward: -50.87499221801758
Action: 1, Reward: -39.932868927001955
Action: 1, Reward: -42.44140536499023
Action: 1, Reward: -44.32548022460937
Action: 1, Reward: -50.231911346435545
Action: 1, Reward: -62.96867639160156
Action: 1, Reward: -68.97218969726562
Action: 1, Reward: -76.199837890625
Action: 1, Reward: -69.07404321289063
Action: 3, Reward: -63.350261474609376
Action: 3, Reward: -63.6679306640625
Action: 3, Reward: -63.2168359375
Action: 3, Reward: -55.26516021728516
Action: 3, Reward: -53.73735382080078
Action: 3, Reward: -57.00643035888672
Action: 3, Reward: -60.545764099121094
Action: 3, Reward: -62.15980151367187
Action: 3, Reward: -75.50146350097657
Action: 3, Reward: -74.62065063476562
Action: 3, Reward: -79.59755126953125
Action: 3, Reward: -82.34333935546874
Action: 3, Reward: -80.00506115722656
Action: 1, Reward: -75.11361694335938
Action: 3, Reward: -74.10112390136719
Action: 3, Reward: -71.40792395019531
Action: 3, Reward: -67.35624279785156
Action: 3, Reward: -72.928595703125
Action: 3, Reward: -75.66708154296876
Action: 3, Reward: -73.03611975097657
Action: 3, Reward: -69.24380224609375
Action: 3, Reward: -72.3861309814453
Action: 3, Reward: -76.59747631835937
Action: 3, Reward: -78.44951879882812
Action: 3, Reward: -81.80789270019531
Action: 3, Reward: -81.28053930664062
Action: 2, Reward: -85.157083984375
Action: 3, Reward: -84.73786145019531
Action: 3, Reward: -78.19899108886719
Action: 3, Reward: -80.30404382324218
Action: 3, Reward: -85.0438056640625
Action: 3, Reward: -83.15770202636719
Action: 3, Reward: -80.14630505371093
Action: 0, Reward: -76.57112866210937
Action: 3, Reward: -75.6489677734375
Action: 3, Reward: -70.4990693359375
Action: 3, Reward: -67.11000622558593
Action: 2, Reward: -64.30495068359374
Action: 2, Reward: -62.018812866210936
Action: 2, Reward: -53.25640167236328
Action: 0, Reward: -46.818237762451176
Action: 0, Reward: -49.861666229248044
Action: 0, Reward: -53.94428253173828
Action: 0, Reward: -47.047025390624995
Action: 0, Reward: -45.841435119628905
Action: 0, Reward: -50.90027606201172
Action: 0, Reward: -55.31856610107422
Action: 0, Reward: -60.43834112548828
Action: 1, Reward: -59.89954479980469
Action: 0, Reward: -65.49634460449218
Action: 1, Reward: -69.72219604492187
Action: 1, Reward: -63.32467431640625
Action: 1, Reward: -52.216359374999996
Action: 0, Reward: -55.173031921386716
Action: 0, Reward: -60.365401733398436
Action: 0, Reward: -56.560636779785156
Action: 0, Reward: -54.817102233886715
Action: 0, Reward: -55.7139541015625
Action: 0, Reward: -62.41123223876953
Action: 0, Reward: -57.28976147460937
Action: 0, Reward: -59.11167041015625
Action: 0, Reward: -64.20644836425781
Action: 0, Reward: -66.86124670410156
Action: 3, Reward: -59.75687884521484
Action: 3, Reward: -55.856427673339844
Action: 3, Reward: -55.17692663574219
Action: 3, Reward: -54.43355572509766
Action: 1, Reward: -46.56312545776367
Action: 1, Reward: -30.715610351562496
Action: 1, Reward: -30.29251763916016
Action: 1, Reward: -29.193173126220703
Action: 1, Reward: -31.65676022338867
Action: 0, Reward: -33.089550598144534
Action: 0, Reward: -33.38350473022461
Action: 0, Reward: -32.607457580566404
Action: 0, Reward: -31.152138763427736
Action: 0, Reward: -45.47973245239258
Action: 0, Reward: -49.877099975585935
Action: 0, Reward: -54.04788201904297
Action: 3, Reward: -49.217480346679686
Action: 1, Reward: -50.85488034057617
Action: 1, Reward: -50.83778533935547
Action: 1, Reward: -49.50881805419922
Action: 2, Reward: -42.50950784301757
Action: 2, Reward: -28.969071563720703
Action: 2, Reward: -29.180389099121093
Action: 2, Reward: -27.50240771484375
Action: 2, Reward: -30.094012481689454
Action: 2, Reward: -43.837602600097654
Action: 2, Reward: -48.761665313720705
Action: 2, Reward: -52.46462243652344
Action: 2, Reward: -54.239474975585935
Action: 2, Reward: -68.79402319335938
Action: 0, Reward: -64.88868334960938
Action: 0, Reward: -63.524047119140626
Action: 0, Reward: -55.83685150146484
Action: 0, Reward: -43.297146759033204
Action: 2, Reward: -45.79282034301758
Action: 3, Reward: -49.14570120239257
Action: 3, Reward: -42.74878567504883
Action: 2, Reward: -38.69657556152344
Action: 3, Reward: -34.018570373535155
Action: 1, Reward: -29.964690490722656
Action: 1, Reward: -30.378665649414064
Action: 1, Reward: -18.45284194946289
Action: 0, Reward: -19.3920979309082
Action: 1, Reward: -16.828843200683593
Action: 2, Reward: -17.547133239746092
Action: 2, Reward: -24.577964935302738
Action: 2, Reward: -29.726572540283204
Action: 2, Reward: -28.75129739379883
Action: 2, Reward: -35.048740356445315
Action: 2, Reward: -38.55980825805664
Action: 2, Reward: -43.489302276611326
Action: 2, Reward: -46.690275329589845
Action: 2, Reward: -51.34072216796875
Action: 3, Reward: -52.302749755859374
Action: 1, Reward: -49.50188589477539
Action: 3, Reward: -48.44999130249023
Action: 1, Reward: -41.34171514892578
Action: 0, Reward: -22.448698974609375
Action: 0, Reward: -22.327075134277344
Action: 1, Reward: -19.61621484375
Action: 2, Reward: -19.772199615478517
Action: 2, Reward: -21.26771578979492
Action: 2, Reward: -20.96284439086914
Action: 2, Reward: -19.589118438720703
Action: 2, Reward: -25.82318646240234
Action: 2, Reward: -39.34105319213867
Action: 2, Reward: -44.89766006469726
Action: 2, Reward: -48.67099398803711
Action: 3, Reward: -46.43380697631836
Action: 1, Reward: -47.58623260498047
Action: 1, Reward: -47.110528137207034
Action: 1, Reward: -47.8241311340332
Action: 3, Reward: -40.63651388549805
Action: 1, Reward: -40.22748477172851
Action: 3, Reward: -34.76209927368164
Action: 1, Reward: -33.31631454467774
Action: 1, Reward: -33.138374114990235
Action: 3, Reward: -38.64699542236328
Action: 2, Reward: -32.81298016357422
Action: 1, Reward: -33.5368498840332
Action: 2, Reward: -26.16203894042969
Action: 0, Reward: -15.340543914794925
Action: 2, Reward: -14.09192742919922
Action: 2, Reward: -17.20121420288086
Action: 0, Reward: -12.637300048828127
Action: 0, Reward: -28.719626373291014
Action: 0, Reward: -34.10836743164062
Action: 0, Reward: -33.61771032714844
Action: 0, Reward: -36.61096481323242
Action: 3, Reward: -33.3097008972168
Action: 2, Reward: -33.15961999511719
Action: 1, Reward: -33.80625231933594
Action: 2, Reward: -36.4134899597168
Action: 2, Reward: -27.694363983154297
Action: 2, Reward: -29.003485748291016
Action: 2, Reward: -32.13306607055664
Action: 2, Reward: -33.099877899169925
Action: 1, Reward: -32.878043518066406
Action: 1, Reward: -34.03095718383789
Action: 1, Reward: -31.57087857055664
Action: 2, Reward: -32.73442245483398
Action: 0, Reward: -29.479526916503907
Action: 2, Reward: -32.853153594970706
Action: 1, Reward: -37.36451461791992
Action: 0, Reward: -30.44318991088867
Action: 0, Reward: -30.243646057128906
Action: 2, Reward: -29.484420989990234
Action: 2, Reward: -31.281801239013667
Action: 2, Reward: -31.45442337036133
Action: 0, Reward: -44.91232723999023
Action: 2, Reward: -49.19456985473633
Action: 2, Reward: -51.232217590332034
Action: 2, Reward: -50.679085021972654
Action: 0, Reward: -46.455423095703125
Action: 2, Reward: -47.802867279052734
Action: 1, Reward: -49.747918212890625
Action: 2, Reward: -53.77033740234375
Action: 3, Reward: -37.57146264648438
Action: 1, Reward: -32.300914459228515
Action: 1, Reward: -32.16723211669922
Action: 0, Reward: -26.80657791137695
Action: 2, Reward: -20.285532073974608
Action: 3, Reward: -20.409263580322268
Action: 2, Reward: -18.830595581054688
Action: 2, Reward: -17.44966337585449
Action: 2, Reward: -30.522071563720704
Action: 2, Reward: -32.5278892211914
Action: 2, Reward: -32.81471411132813
Action: 0, Reward: -35.58126684570313
Action: 0, Reward: -34.62215786743164
Action: 1, Reward: -30.24777478027344
Action: 1, Reward: -29.37819692993164
Action: 0, Reward: -32.1881965637207
Action: 3, Reward: -20.87820474243164
Action: 3, Reward: -21.050672912597655
Action: 2, Reward: -19.410951629638674
Action: 2, Reward: -18.208968292236328
Action: 2, Reward: -20.290324920654296
Action: 1, Reward: -17.89042254638672
Action: 2, Reward: -18.43451190185547
Action: 2, Reward: -20.96787051391602
Action: 1, Reward: -27.951774505615234
Action: 2, Reward: -27.420133209228517
Action: 2, Reward: -27.413354583740233
Action: 0, Reward: -24.209878845214845
Action: 0, Reward: -28.24077133178711
Action: 2, Reward: -32.55260177612305
Action: 1, Reward: -34.663766326904295
Action: 1, Reward: -32.568142578125
Action: 3, Reward: -16.390017791748047
Action: 2, Reward: -23.657925140380858
Action: 2, Reward: -24.191998107910155
Action: 2, Reward: -22.233844940185545
Action: 0, Reward: -32.077867889404295
Action: 2, Reward: -36.28461727905274
Action: 3, Reward: -36.25461822509766
Action: 0, Reward: -35.03207537841797
Action: 2, Reward: -34.92899890136719
Action: 1, Reward: -28.895720458984375
Action: 1, Reward: -26.050115783691403
Action: 2, Reward: -24.845216705322265
Action: 3, Reward: -21.375090972900388
Action: 2, Reward: -27.72979067993164
Action: 1, Reward: -30.984957305908203
Action: 2, Reward: -25.44976788330078
Action: 2, Reward: -37.077767791748045
Action: 3, Reward: -36.54728860473633
Action: 1, Reward: -35.390539581298825
Action: 0, Reward: -36.32953421020508
Action: 1, Reward: -29.10582760620117
Action: 2, Reward: -32.476833618164065
Action: 1, Reward: -32.972922698974614
Action: 0, Reward: -31.311839447021484
Action: 2, Reward: -38.50226324462891
Action: 3, Reward: -36.53740658569336
Action: 3, Reward: -38.45004708862305
Action: 3, Reward: -40.01046496582031
Action: 3, Reward: -31.323161315917968
Action: 3, Reward: -33.12015023803711
Action: 3, Reward: -38.276709564208986
Action: 1, Reward: -33.16216232299804
Action: 0, Reward: -34.07636917114258
Action: 1, Reward: -29.396068817138673
Action: 2, Reward: -27.641994506835935
Action: 2, Reward: -21.057018096923827
Action: 2, Reward: -19.821101074218753
Action: 2, Reward: -20.26875079345703
Action: 2, Reward: -20.657106781005858
Action: 0, Reward: -16.239010009765625
Action: 0, Reward: -30.139695739746095
Action: 2, Reward: -32.13143017578125
Action: 2, Reward: -38.445762573242185
Action: 2, Reward: -45.17485479736328
Action: 2, Reward: -53.59457373046875
Action: 3, Reward: -47.92511743164062
Action: 1, Reward: -47.55310348510742
Action: 0, Reward: -42.026086608886715
Action: 1, Reward: -24.036874450683595
Action: 0, Reward: -22.76228176879883
Action: 2, Reward: -23.01643948364258
Action: 3, Reward: -17.67449481201172
Action: 2, Reward: -27.148954681396482
Action: 3, Reward: -25.164075805664062
Action: 2, Reward: -27.16112838745117
Action: 2, Reward: -28.938687530517576
Action: 2, Reward: -26.738101348876953
Action: 1, Reward: -26.67114569091797
Action: 2, Reward: -23.8749814453125
Action: 2, Reward: -32.430816009521486
Action: 3, Reward: -37.129792083740234
Action: 3, Reward: -39.398277526855466
Action: 2, Reward: -42.618593231201174
Action: 2, Reward: -42.490715301513674
Action: 1, Reward: -36.17331338500976
Action: 0, Reward: -28.312510284423826
Action: 2, Reward: -25.16106164550781
Action: 2, Reward: -26.026411163330078
Action: 0, Reward: -34.41401290893555
Action: 2, Reward: -28.142972229003906
Action: 2, Reward: -26.376219604492185
Action: 2, Reward: -26.05963854980469
Action: 2, Reward: -35.78163714599609
Action: 1, Reward: -35.914998626708986
Action: 2, Reward: -34.58596792602539
Action: 2, Reward: -34.88933511352539
Action: 3, Reward: -29.262622314453125
Action: 0, Reward: -29.70764776611328
Action: 2, Reward: -29.101923461914062
Action: 2, Reward: -27.166144561767577
Action: 2, Reward: -35.949346771240236
Action: 2, Reward: -39.21679190063477
Action: 2, Reward: -38.97388623046875
Action: 3, Reward: -37.87799038696289
Action: 1, Reward: -26.086663665771482
Action: 3, Reward: -26.641622436523438
Action: 2, Reward: -24.699489471435548
Action: 2, Reward: -31.07318670654297
Action: 0, Reward: -25.975544677734373
Action: 1, Reward: -26.47602865600586
Action: 2, Reward: -25.93541928100586
Action: 0, Reward: -18.04091146850586
Action: 2, Reward: -20.50291122436523
Action: 2, Reward: -22.515203918457033
Action: 2, Reward: -22.59892315673828
Action: 2, Reward: -31.525918151855468
Action: 0, Reward: -36.03962890625
Action: 3, Reward: -31.701800201416013
Action: 2, Reward: -30.92415902709961
Action: 2, Reward: -35.744792724609376
Action: 2, Reward: -32.715277008056646
Action: 1, Reward: -37.02219979858398
Action: 1, Reward: -35.016452514648435
Action: 0, Reward: -27.557084808349607
Action: 0, Reward: -30.583332427978515
Action: 2, Reward: -31.66416128540039
Action: 2, Reward: -31.070356506347657
Action: 0, Reward: -33.757916473388676
Action: 3, Reward: -24.39192037963867
Action: 2, Reward: -31.323069488525388
Action: 2, Reward: -33.32351782226563
Action: 2, Reward: -40.0215641784668
Action: 1, Reward: -28.018338745117187
Action: 2, Reward: -29.046583770751955
Action: 2, Reward: -33.11158209228516
Action: 0, Reward: -25.6354137878418
Action: 3, Reward: -39.62079531860351
Action: 0, Reward: -35.17095013427735
Action: 2, Reward: -33.61573529052735
Action: 2, Reward: -35.35630908203125
Action: 2, Reward: -27.416557159423828
Action: 3, Reward: -27.71902648925781
Action: 0, Reward: -26.24054708862305
Action: 2, Reward: -24.544441192626955
Action: 2, Reward: -37.44113391113281
Action: 1, Reward: -32.460310272216795
Action: 1, Reward: -30.82361444091797
Action: 3, Reward: -35.18536489868164
Action: 0, Reward: -32.64405258178711
Action: 0, Reward: -33.0268212890625
Action: 0, Reward: -32.207785858154296
Action: 2, Reward: -34.422442413330074
Action: 2, Reward: -36.980576263427736
Action: 2, Reward: -40.159404418945314
Action: 2, Reward: -39.92450823974609
Action: 0, Reward: -38.59011178588867
Action: 0, Reward: -41.92329913330078
Action: 3, Reward: -36.736551483154294
Action: 3, Reward: -36.06861514282227
Action: 3, Reward: -32.45612890625
Action: 1, Reward: -21.047214324951174
Action: 1, Reward: -22.815386840820317
Action: 2, Reward: -22.585938049316404
Action: 0, Reward: -22.315202239990235
Action: 2, Reward: -24.403926727294923
Action: 2, Reward: -25.555847686767578
Action: 2, Reward: -24.654324127197263
Action: 2, Reward: -27.00206307983398
Action: 0, Reward: -29.723544525146487
Action: 0, Reward: -29.808247619628908
Action: 0, Reward: -27.652488830566405
Action: 3, Reward: -25.794084228515622
Action: 3, Reward: -28.893777862548827
Action: 3, Reward: -28.425957153320315
Action: 3, Reward: -28.110177490234374
Action: 3, Reward: -31.305853607177735
Action: 3, Reward: -44.18974313354492
Action: 1, Reward: -39.39687704467774
Action: 3, Reward: -39.504144805908204
Action: 2, Reward: -37.36757925415039
Action: 2, Reward: -40.41756121826172
Action: 1, Reward: -39.01508294677734
Action: 0, Reward: -42.434726257324215
Action: 0, Reward: -33.897999237060546
Action: 0, Reward: -18.836414978027342
Action: 2, Reward: -22.53850180053711
Action: 2, Reward: -22.6353447265625
Action: 0, Reward: -27.33417013549805
Action: 2, Reward: -39.903988372802736
Action: 1, Reward: -39.056002471923826
Action: 0, Reward: -39.06382638549805
Action: 0, Reward: -46.991400634765625
Action: 3, Reward: -28.77893179321289
Action: 2, Reward: -33.14994351196289
Action: 2, Reward: -37.6776559753418
Action: 3, Reward: -28.096027404785154
Action: 3, Reward: -34.7771462097168
Action: 3, Reward: -36.705847625732424
Action: 2, Reward: -37.39169412231445
Action: 3, Reward: -40.93481842041015
Action: 3, Reward: -53.56746032714844
Action: 2, Reward: -52.87543469238281
Action: 2, Reward: -56.60369519042969
Action: 2, Reward: -55.06231036376953
Action: 2, Reward: -44.8601174621582
Action: 0, Reward: -39.551066894531246
Action: 2, Reward: -39.52804592895508
Action: 2, Reward: -34.37497595214844
Action: 2, Reward: -41.65909927368164
Action: 1, Reward: -35.949235900878904
Action: 0, Reward: -34.736525085449216
Action: 0, Reward: -29.681129486083982
Action: 1, Reward: -37.99284399414063
Action: 3, Reward: -31.861947265625
Action: 3, Reward: -30.474009826660158
Action: 0, Reward: -33.47700143432617
Action: 1, Reward: -40.4150212097168
Action: 0, Reward: -35.481443756103516
Action: 0, Reward: -33.87279782104492
Action: 2, Reward: -27.71817272949219
Action: 2, Reward: -29.523862213134766
Action: 2, Reward: -30.166844848632813
Action: 2, Reward: -30.084920501708986
Action: 3, Reward: -30.85333801269531
Action: 3, Reward: -20.32328890991211
Action: 3, Reward: -22.409791442871096
Action: 2, Reward: -20.943761779785156
Action: 2, Reward: -29.73342953491211
Action: 1, Reward: -30.402896423339843
Action: 0, Reward: -27.185134063720703
Action: 2, Reward: -24.021891265869137
Action: 2, Reward: -22.635931823730466
Action: 1, Reward: -34.288268951416015
Action: 2, Reward: -31.947274871826174
Action: 2, Reward: -28.931014068603517
Action: 0, Reward: -28.876201904296874
Action: 2, Reward: -37.181159118652346
Action: 3, Reward: -32.59545272827148
Action: 3, Reward: -29.79158065795898
Action: 0, Reward: -33.67091387939453
Action: 3, Reward: -33.04447741699219
Action: 3, Reward: -36.76014505004883
Action: 0, Reward: -37.718372833251955
Action: 3, Reward: -37.615471282958985
Action: 3, Reward: -53.960984497070314
Action: 1, Reward: -49.299096923828124
Action: 1, Reward: -49.04224105834961
Action: 1, Reward: -39.681131103515625
Action: 1, Reward: -39.75768600463867
Action: 2, Reward: -35.11454138183594
Action: 2, Reward: -33.84694195556641
Action: 1, Reward: -33.89580053710937
Action: 0, Reward: -25.168305786132812
Action: 0, Reward: -24.20748922729492
Action: 0, Reward: -25.096097198486326
Action: 3, Reward: -21.00906753540039
Action: 0, Reward: -40.15258380126953
Action: 3, Reward: -36.155199798583986
Action: 0, Reward: -35.37318313598633
Action: 0, Reward: -32.733872741699216
Action: 3, Reward: -39.57913168334961
Action: 3, Reward: -40.967768157958986
Action: 1, Reward: -44.09227001953125
Action: 3, Reward: -45.86422738647461
Action: 2, Reward: -37.816749389648436
Action: 2, Reward: -37.71312625122071
Action: 2, Reward: -37.01617007446289
