Action: 0, Reward: -12.947701454162598
Action: 3, Reward: -11.314878463745117
Action: 3, Reward: -20.935550689697266
Action: 0, Reward: -65.75425720214844
Action: 0, Reward: -39.851863861083984
Action: 3, Reward: -44.04468536376953
Action: 2, Reward: -44.01758575439453
Action: 0, Reward: -52.681732177734375
Action: 0, Reward: -58.10755157470703
Action: 0, Reward: -70.72268676757812
Action: 0, Reward: -70.72944641113281
Action: 3, Reward: -74.83384704589844
Action: 0, Reward: -76.54561614990234
Action: 3, Reward: -74.44927978515625
Action: 3, Reward: -71.2718276977539
Action: 0, Reward: -71.07218170166016
Action: 0, Reward: -71.46163940429688
Action: 0, Reward: -76.30963134765625
Action: 0, Reward: -74.40638732910156
Action: 0, Reward: -75.28093719482422
Action: 3, Reward: -74.38322448730469
Action: 0, Reward: -73.4565658569336
Action: 0, Reward: -73.73377227783203
Action: 3, Reward: -80.69386291503906
Action: 3, Reward: -81.26199340820312
Action: 3, Reward: -78.8127212524414
Action: 3, Reward: -78.43470001220703
Action: 0, Reward: -78.7240219116211
Action: 3, Reward: -76.6565170288086
Action: 3, Reward: -74.34303283691406
Action: 0, Reward: -71.17144775390625
Action: 0, Reward: -77.14804077148438
Action: 3, Reward: -76.24170684814453
Action: 0, Reward: -76.15972137451172
Action: 0, Reward: -80.17627716064453
Action: 3, Reward: -79.15479278564453
Action: 0, Reward: -150.2492218017578
Action: 3, Reward: -79.16690826416016
Action: 3, Reward: -82.32357025146484
Action: 3, Reward: -80.76130676269531
Action: 3, Reward: -83.72907257080078
Action: 3, Reward: -81.36151885986328
Action: 1, Reward: -64.78497314453125
Action: 0, Reward: -68.8470687866211
Action: 3, Reward: -67.48363494873047
Action: 0, Reward: -64.6776123046875
Action: 0, Reward: -69.51013946533203
Action: 0, Reward: -70.08027648925781
Action: 0, Reward: -69.85413360595703
Action: 3, Reward: -71.267578125
Action: 3, Reward: -71.33476257324219
Action: 0, Reward: -82.37265014648438
Action: 3, Reward: -76.13921356201172
Action: 3, Reward: -73.89664459228516
Action: 0, Reward: -80.66238403320312
Action: 0, Reward: -82.83853912353516
Action: 3, Reward: -85.15054321289062
Action: 0, Reward: -83.50726318359375
Action: 0, Reward: -82.79417419433594
Action: 1, Reward: -84.06900024414062
Action: 0, Reward: -105.79208374023438
Action: 3, Reward: -81.09565734863281
Action: 3, Reward: -83.2116928100586
Action: 0, Reward: -81.91507720947266
Action: 3, Reward: -80.86737060546875
Action: 3, Reward: -82.05430603027344
Action: 3, Reward: -79.7647705078125
Action: 0, Reward: -82.16568756103516
Action: 0, Reward: -81.11009216308594
Action: 0, Reward: -80.4808120727539
Action: 3, Reward: -78.67643737792969
Action: 3, Reward: -80.91498565673828
Action: 0, Reward: -77.02628326416016
Action: 0, Reward: -80.88714599609375
Action: 3, Reward: -81.72877502441406
Action: 0, Reward: -79.56013488769531
Action: 2, Reward: -74.7765884399414
Action: 3, Reward: -70.23162078857422
Action: 0, Reward: -74.8599853515625
Action: 0, Reward: -75.10970306396484
Action: 3, Reward: -78.06669616699219
Action: 0, Reward: -81.0103988647461
Action: 3, Reward: -78.39262390136719
Action: 3, Reward: -76.93995666503906
Action: 0, Reward: -74.41407012939453
Action: 0, Reward: -76.38509368896484
Action: 3, Reward: -80.11576843261719
Action: 0, Reward: -84.34894561767578
Action: 3, Reward: -80.98503112792969
Action: 3, Reward: -82.31913757324219
Action: 0, Reward: -82.13302612304688
Action: 0, Reward: -82.09584045410156
Action: 3, Reward: -86.02653503417969
Action: 0, Reward: -84.31060791015625
Action: 3, Reward: -83.16244506835938
Action: 3, Reward: -84.36673736572266
Action: 0, Reward: -83.77696990966797
Action: 1, Reward: -80.96540832519531
Action: 3, Reward: -80.02622985839844
Action: 0, Reward: -76.21611785888672
Action: 3, Reward: -76.12431335449219
Action: 1, Reward: -78.73573303222656
Action: 2, Reward: -63.775978088378906
Action: 2, Reward: -62.92301559448242
Action: 1, Reward: -64.67231750488281
Action: 2, Reward: -57.85990905761719
Action: 2, Reward: -63.93981170654297
Action: 2, Reward: -68.0992431640625
Action: 2, Reward: -101.5460205078125
Action: 1, Reward: -74.80266571044922
Action: 1, Reward: -75.2621841430664
Action: 1, Reward: -79.31489562988281
Action: 2, Reward: -79.59884643554688
Action: 1, Reward: -80.76620483398438
Action: 3, Reward: -65.7266845703125
Action: 3, Reward: -65.7631607055664
Action: 3, Reward: -59.40423583984375
Action: 1, Reward: -50.28537368774414
Action: 3, Reward: -58.20233917236328
Action: 3, Reward: -59.418968200683594
Action: 3, Reward: -71.41429138183594
Action: 2, Reward: -66.54756164550781
Action: 2, Reward: -70.90303039550781
Action: 3, Reward: -77.23104858398438
Action: 0, Reward: -72.54634857177734
Action: 0, Reward: -65.20980834960938
Action: 3, Reward: -62.453590393066406
Action: 0, Reward: -61.3283576965332
Action: 0, Reward: -59.361366271972656
Action: 2, Reward: -57.11601638793945
Action: 0, Reward: -63.23481750488281
Action: 0, Reward: -67.54519653320312
Action: 2, Reward: -58.36241149902344
Action: 2, Reward: -61.312599182128906
Action: 2, Reward: -61.3662223815918
Action: 2, Reward: -67.74662017822266
Action: 2, Reward: -73.57269287109375
Action: 1, Reward: -75.25617218017578
Action: 1, Reward: -71.5317611694336
Action: 1, Reward: -70.27394104003906
Action: 1, Reward: -70.95384216308594
Action: 1, Reward: -68.85319519042969
Action: 1, Reward: -70.58613586425781
Action: 1, Reward: -68.56024169921875
Action: 3, Reward: -55.510765075683594
Action: 3, Reward: -60.79410934448242
Action: 3, Reward: -60.86415100097656
Action: 3, Reward: -68.92852020263672
Action: 2, Reward: -65.9134750366211
Action: 0, Reward: -59.85450744628906
Action: 3, Reward: -60.13715362548828
Action: 2, Reward: -59.90168762207031
Action: 0, Reward: -60.58998107910156
Action: 0, Reward: -62.93054962158203
Action: 2, Reward: -65.55408477783203
Action: 3, Reward: -63.73919677734375
Action: 0, Reward: -60.25442123413086
Action: 0, Reward: -61.261070251464844
Action: 0, Reward: -61.6479377746582
Action: 1, Reward: -47.138877868652344
Action: 1, Reward: -48.27245330810547
Action: 1, Reward: -46.433067321777344
Action: 1, Reward: -56.081295013427734
Action: 1, Reward: -58.86890411376953
Action: 1, Reward: -64.01383972167969
Action: 2, Reward: -56.771278381347656
Action: 2, Reward: -56.15501403808594
Action: 1, Reward: -58.235687255859375
Action: 3, Reward: -58.65198516845703
Action: 2, Reward: -58.256431579589844
Action: 0, Reward: -56.2328987121582
Action: 3, Reward: -52.396636962890625
Action: 0, Reward: -46.2169189453125
Action: 0, Reward: -46.5266227722168
Action: 1, Reward: -47.060001373291016
Action: 1, Reward: -44.129966735839844
Action: 1, Reward: -39.40301513671875
Action: 1, Reward: -47.619964599609375
Action: 1, Reward: -50.34130096435547
Action: 1, Reward: -55.63912582397461
Action: 3, Reward: -58.43111038208008
Action: 1, Reward: -64.59221649169922
Action: 1, Reward: -71.94831848144531
Action: 1, Reward: -73.20619201660156
Action: 1, Reward: -76.43470764160156
Action: 1, Reward: -78.982421875
Action: 2, Reward: -69.03781127929688
Action: 2, Reward: -66.52690124511719
Action: 0, Reward: -56.97327423095703
Action: 0, Reward: -41.04258728027344
Action: 0, Reward: -35.24493408203125
Action: 1, Reward: -29.74219512939453
Action: 1, Reward: -45.175601959228516
Action: 1, Reward: -50.815345764160156
Action: 3, Reward: -48.27933883666992
Action: 3, Reward: -27.03293228149414
Action: 1, Reward: -32.07059860229492
Action: 1, Reward: -34.29591751098633
Action: 1, Reward: -55.49985885620117
Action: 1, Reward: -61.94122314453125
Action: 1, Reward: -66.2947006225586
Action: 3, Reward: -67.86183166503906
Action: 0, Reward: -68.35465240478516
Action: 0, Reward: -64.00491333007812
Action: 3, Reward: -57.999977111816406
Action: 3, Reward: -61.71299743652344
Action: 3, Reward: -57.09773254394531
Action: 3, Reward: -56.81415939331055
Action: 3, Reward: -60.387046813964844
Action: 3, Reward: -63.22351837158203
Action: 1, Reward: -65.02886199951172
Action: 1, Reward: -67.48909759521484
Action: 1, Reward: -65.41424560546875
Action: 1, Reward: -62.093360900878906
Action: 1, Reward: -65.48054504394531
Action: 2, Reward: -61.14006423950195
Action: 2, Reward: -55.747650146484375
Action: 2, Reward: -49.00088119506836
Action: 2, Reward: -51.35651779174805
Action: 0, Reward: -53.618263244628906
Action: 0, Reward: -53.787147521972656
Action: 0, Reward: -47.286964416503906
Action: 3, Reward: -28.055377960205078
Action: 0, Reward: -28.840654373168945
Action: 3, Reward: -36.031089782714844
Action: 3, Reward: -44.67156219482422
Action: 3, Reward: -46.520416259765625
Action: 3, Reward: -48.061668395996094
Action: 3, Reward: -61.30009841918945
Action: 3, Reward: -68.89692687988281
Action: 3, Reward: -70.21375274658203
Action: 3, Reward: -67.29916381835938
Action: 1, Reward: -64.9255142211914
Action: 1, Reward: -66.70935821533203
Action: 2, Reward: -65.6880111694336
Action: 3, Reward: -65.7249755859375
Action: 2, Reward: -69.4657974243164
Action: 1, Reward: -52.765018463134766
Action: 3, Reward: -57.29304504394531
Action: 2, Reward: -52.152374267578125
Action: 2, Reward: -45.09064483642578
Action: 2, Reward: -46.660438537597656
Action: 2, Reward: -47.23107147216797
Action: 0, Reward: -43.04890823364258
Action: 1, Reward: -36.71897506713867
Action: 3, Reward: -40.10253143310547
Action: 3, Reward: -23.625158309936523
Action: 3, Reward: -27.987735748291016
Action: 3, Reward: -25.727174758911133
Action: 1, Reward: -25.17662811279297
Action: 3, Reward: -28.446699142456055
Action: 3, Reward: -33.06211853027344
Action: 3, Reward: -51.58306121826172
Action: 3, Reward: -59.791481018066406
Action: 3, Reward: -64.53041076660156
Action: 1, Reward: -66.28857421875
Action: 1, Reward: -68.07696533203125
Action: 1, Reward: -64.52997589111328
Action: 3, Reward: -63.830238342285156
Action: 3, Reward: -65.9937744140625
Action: 3, Reward: -65.62867736816406
Action: 3, Reward: -69.33645629882812
Action: 3, Reward: -68.7911148071289
Action: 3, Reward: -72.2048568725586
Action: 3, Reward: -67.09696960449219
Action: 2, Reward: -64.81884002685547
Action: 3, Reward: -62.93119812011719
Action: 1, Reward: -63.68751525878906
Action: 1, Reward: -62.765716552734375
Action: 1, Reward: -56.8112907409668
Action: 1, Reward: -49.848045349121094
Action: 1, Reward: -53.424781799316406
Action: 1, Reward: -54.49605941772461
Action: 0, Reward: -49.902366638183594
Action: 3, Reward: -50.78120422363281
Action: 3, Reward: -53.237064361572266
Action: 3, Reward: -54.173282623291016
Action: 3, Reward: -56.92544174194336
Action: 3, Reward: -52.01942443847656
Action: 3, Reward: -50.846805572509766
Action: 3, Reward: -59.1175422668457
Action: 3, Reward: -65.229248046875
Action: 3, Reward: -75.90357971191406
Action: 3, Reward: -72.63482666015625
Action: 1, Reward: -76.57749938964844
Action: 1, Reward: -72.08016967773438
Action: 1, Reward: -72.55365753173828
Action: 2, Reward: -65.63041687011719
Action: 1, Reward: -61.060054779052734
Action: 2, Reward: -55.53912353515625
Action: 2, Reward: -49.44029235839844
Action: 1, Reward: -54.697853088378906
Action: 2, Reward: -54.337284088134766
Action: 2, Reward: -55.838260650634766
Action: 2, Reward: -62.372413635253906
Action: 0, Reward: -59.31843566894531
Action: 0, Reward: -55.35257339477539
Action: 1, Reward: -55.256065368652344
Action: 0, Reward: -54.84406661987305
Action: 3, Reward: -52.63368225097656
Action: 3, Reward: -32.10353469848633
Action: 3, Reward: -29.975353240966797
Action: 1, Reward: -30.51437759399414
Action: 1, Reward: -33.06003952026367
Action: 0, Reward: -32.99108123779297
Action: 0, Reward: -38.793601989746094
Action: 3, Reward: -48.35447311401367
Action: 0, Reward: -50.687320709228516
Action: 3, Reward: -52.19094467163086
Action: 3, Reward: -57.54515838623047
Action: 3, Reward: -60.81776428222656
Action: 3, Reward: -58.73201370239258
Action: 3, Reward: -58.540138244628906
Action: 3, Reward: -62.330692291259766
Action: 3, Reward: -66.39254760742188
Action: 1, Reward: -63.424198150634766
Action: 2, Reward: -61.270225524902344
Action: 1, Reward: -59.86757278442383
Action: 0, Reward: -47.278419494628906
Action: 0, Reward: -45.540321350097656
Action: 0, Reward: -38.92573928833008
Action: 2, Reward: -24.839941024780273
Action: 3, Reward: -28.52716636657715
Action: 3, Reward: -27.770679473876953
Action: 3, Reward: -25.12024688720703
Action: 3, Reward: -29.098722457885742
Action: 3, Reward: -32.848411560058594
Action: 1, Reward: -35.17756271362305
Action: 0, Reward: -38.96917724609375
Action: 0, Reward: -38.438819885253906
Action: 0, Reward: -35.989498138427734
Action: 0, Reward: -40.04967498779297
Action: 0, Reward: -39.09925842285156
