Action: 3, Reward: -13.477134704589844
Action: 1, Reward: -24.60120964050293
Action: 0, Reward: -30.403703689575195
Action: 0, Reward: -42.56642532348633
Action: 0, Reward: -45.29518127441406
Action: 3, Reward: -43.839962005615234
Action: 1, Reward: -32.23859405517578
Action: 1, Reward: -42.77989196777344
Action: 0, Reward: -31.804529190063477
Action: 0, Reward: -43.87112045288086
Action: 0, Reward: -46.436458587646484
Action: 3, Reward: -43.594383239746094
Action: 1, Reward: -31.42708969116211
Action: 1, Reward: -44.13397216796875
Action: 0, Reward: -31.808460235595703
Action: 0, Reward: -43.98876190185547
Action: 0, Reward: -48.439048767089844
Action: 3, Reward: -44.31110382080078
Action: 1, Reward: -30.366004943847656
Action: 1, Reward: -42.93844223022461
Action: 0, Reward: -33.217308044433594
Action: 0, Reward: -42.270606994628906
Action: 0, Reward: -45.15785598754883
Action: 3, Reward: -44.28007507324219
Action: 1, Reward: -31.68756103515625
Action: 1, Reward: -42.917537689208984
Action: 0, Reward: -34.8487663269043
Action: 0, Reward: -44.151424407958984
Action: 0, Reward: -46.26215744018555
Action: 3, Reward: -43.19963455200195
Action: 1, Reward: -30.355676651000977
Action: 1, Reward: -42.45801544189453
Action: 0, Reward: -32.8486328125
Action: 1, Reward: -53.961936950683594
Action: 1, Reward: -44.6319465637207
Action: 0, Reward: -43.62312316894531
Action: 0, Reward: -44.00437545776367
Action: 3, Reward: -43.493072509765625
Action: 1, Reward: -31.37392807006836
Action: 1, Reward: -44.0819091796875
Action: 0, Reward: -33.055152893066406
Action: 0, Reward: -44.0428352355957
Action: 0, Reward: -45.4141845703125
Action: 3, Reward: -43.630149841308594
Action: 1, Reward: -31.573963165283203
Action: 1, Reward: -45.180904388427734
Action: 0, Reward: -32.93043518066406
Action: 0, Reward: -44.34396743774414
Action: 2, Reward: -33.08300018310547
Action: 3, Reward: -32.3145751953125
Action: 1, Reward: -31.138853073120117
Action: 2, Reward: -31.21240997314453
Action: 1, Reward: -31.319580078125
Action: 1, Reward: -44.745723724365234
Action: 3, Reward: -32.17377853393555
Action: 0, Reward: -32.04724884033203
Action: 1, Reward: -30.786203384399414
Action: 0, Reward: -51.22027587890625
Action: 0, Reward: -46.44629669189453
Action: 3, Reward: -43.25318908691406
Action: 1, Reward: -29.80898094177246
Action: 1, Reward: -43.29560089111328
Action: 2, Reward: -32.90319061279297
Action: 0, Reward: -32.40453338623047
Action: 0, Reward: -43.20298767089844
Action: 3, Reward: -44.49542999267578
Action: 1, Reward: -30.4006290435791
Action: 0, Reward: -32.4020881652832
Action: 1, Reward: -31.144596099853516
Action: 0, Reward: -54.15279769897461
Action: 3, Reward: -30.88888168334961
Action: 1, Reward: -31.877304077148438
Action: 3, Reward: -32.00336456298828
Action: 0, Reward: -33.52660369873047
Action: 0, Reward: -46.514244079589844
Action: 3, Reward: -43.58607482910156
Action: 1, Reward: -30.114887237548828
Action: 1, Reward: -44.617855072021484
Action: 0, Reward: -31.18621826171875
Action: 0, Reward: -43.403076171875
Action: 0, Reward: -47.78819274902344
Action: 3, Reward: -45.28691101074219
Action: 1, Reward: -30.495975494384766
Action: 1, Reward: -44.1614990234375
Action: 0, Reward: -33.99677276611328
Action: 0, Reward: -45.229820251464844
Action: 2, Reward: -31.991287231445312
Action: 3, Reward: -32.78785705566406
Action: 1, Reward: -32.07616424560547
Action: 1, Reward: -44.97515106201172
Action: 0, Reward: -33.95389175415039
Action: 0, Reward: -44.986541748046875
Action: 0, Reward: -48.90711212158203
Action: 3, Reward: -43.91111755371094
Action: 1, Reward: -32.35902404785156
Action: 1, Reward: -44.10802459716797
Action: 0, Reward: -33.95951461791992
Action: 0, Reward: -44.02830505371094
Action: 0, Reward: -50.040733337402344
Action: 3, Reward: -42.817596435546875
Action: 1, Reward: -32.03181457519531
Action: 2, Reward: -33.23162078857422
Action: 3, Reward: -30.538990020751953
Action: 1, Reward: -32.587364196777344
Action: 3, Reward: -31.864931106567383
Action: 3, Reward: -42.854923248291016
Action: 2, Reward: -32.560150146484375
Action: 2, Reward: -44.36741638183594
Action: 3, Reward: -33.207000732421875
Action: 3, Reward: -44.129638671875
Action: 2, Reward: -32.817352294921875
Action: 2, Reward: -44.232582092285156
Action: 2, Reward: -46.65829086303711
Action: 1, Reward: -43.14749526977539
Action: 3, Reward: -32.94926452636719
Action: 2, Reward: -33.28458786010742
Action: 1, Reward: -32.7402458190918
Action: 1, Reward: -45.27021026611328
Action: 0, Reward: -32.92848205566406
Action: 1, Reward: -50.62269592285156
Action: 3, Reward: -30.536457061767578
Action: 0, Reward: -32.0242919921875
Action: 1, Reward: -31.010414123535156
Action: 1, Reward: -42.9974479675293
Action: 1, Reward: -45.29304122924805
Action: 0, Reward: -44.85795593261719
Action: 3, Reward: -30.574119567871094
Action: 1, Reward: -31.98501968383789
Action: 1, Reward: -44.343929290771484
Action: 0, Reward: -44.32285690307617
Action: 3, Reward: -30.742000579833984
Action: 0, Reward: -52.46739196777344
Action: 1, Reward: -32.20771026611328
Action: 1, Reward: -43.62266540527344
Action: 3, Reward: -33.81306457519531
Action: 0, Reward: -31.25282859802246
Action: 2, Reward: -31.20270347595215
Action: 1, Reward: -30.63912582397461
Action: 3, Reward: -30.671031951904297
Action: 0, Reward: -33.16242218017578
Action: 2, Reward: -30.153411865234375
Action: 1, Reward: -31.341537475585938
Action: 2, Reward: -30.735952377319336
Action: 0, Reward: -32.295310974121094
Action: 2, Reward: -30.81085777282715
Action: 1, Reward: -34.19566345214844
Action: 2, Reward: -30.262466430664062
Action: 3, Reward: -32.08207702636719
Action: 0, Reward: -31.813209533691406
Action: 0, Reward: -44.2141227722168
Action: 1, Reward: -35.41983413696289
Action: 1, Reward: -43.529563903808594
Action: 3, Reward: -33.37472152709961
Action: 0, Reward: -32.02682876586914
Action: 0, Reward: -43.7532958984375
Action: 2, Reward: -43.47834777832031
Action: 1, Reward: -31.421546936035156
Action: 0, Reward: -33.126060485839844
Action: 3, Reward: -31.428224563598633
Action: 1, Reward: -31.998600006103516
Action: 2, Reward: -30.818899154663086
Action: 0, Reward: -30.807186126708984
Action: 3, Reward: -30.778987884521484
Action: 1, Reward: -29.373071670532227
Action: 2, Reward: -30.696048736572266
Action: 0, Reward: -30.334075927734375
Action: 3, Reward: -30.409099578857422
Action: 1, Reward: -31.9887638092041
Action: 3, Reward: -32.02973937988281
Action: 0, Reward: -32.646995544433594
Action: 2, Reward: -31.5908145904541
Action: 1, Reward: -31.46422576904297
Action: 3, Reward: -31.941246032714844
Action: 0, Reward: -32.01939392089844
Action: 2, Reward: -29.89385223388672
Action: 1, Reward: -31.89166831970215
Action: 3, Reward: -31.58831787109375
Action: 0, Reward: -32.23980712890625
Action: 2, Reward: -31.782411575317383
Action: 1, Reward: -32.691925048828125
Action: 3, Reward: -30.03493881225586
Action: 0, Reward: -31.633506774902344
Action: 2, Reward: -29.94675064086914
Action: 1, Reward: -30.69289779663086
Action: 3, Reward: -31.939498901367188
Action: 0, Reward: -32.59649658203125
Action: 3, Reward: -32.257469177246094
Action: 1, Reward: -32.29690933227539
Action: 3, Reward: -32.749385833740234
Action: 0, Reward: -32.270660400390625
Action: 2, Reward: -31.982616424560547
Action: 1, Reward: -30.272472381591797
Action: 3, Reward: -31.077167510986328
Action: 0, Reward: -30.842382431030273
Action: 2, Reward: -30.247989654541016
Action: 1, Reward: -31.43065643310547
Action: 3, Reward: -30.968294143676758
Action: 0, Reward: -31.161840438842773
Action: 2, Reward: -31.338069915771484
Action: 1, Reward: -30.86096954345703
Action: 3, Reward: -31.09061050415039
Action: 0, Reward: -31.589298248291016
Action: 2, Reward: -31.56020736694336
Action: 1, Reward: -31.18328094482422
Action: 1, Reward: -42.52123260498047
Action: 0, Reward: -42.82120895385742
Action: 2, Reward: -30.027099609375
Action: 2, Reward: -45.35798263549805
Action: 0, Reward: -35.65370178222656
Action: 0, Reward: -42.817626953125
Action: 1, Reward: -36.536590576171875
Action: 2, Reward: -31.109424591064453
Action: 1, Reward: -30.102893829345703
Action: 0, Reward: -32.38114929199219
Action: 1, Reward: -32.45545959472656
Action: 2, Reward: -32.24739456176758
Action: 2, Reward: -44.12699890136719
Action: 0, Reward: -42.89896774291992
Action: 1, Reward: -30.605323791503906
Action: 3, Reward: -32.68581771850586
Action: 1, Reward: -31.68230438232422
Action: 1, Reward: -43.962867736816406
Action: 0, Reward: -32.19147491455078
Action: 3, Reward: -30.151159286499023
Action: 0, Reward: -32.02976989746094
Action: 1, Reward: -30.75421714782715
Action: 0, Reward: -31.072372436523438
Action: 2, Reward: -31.35242462158203
Action: 0, Reward: -31.74358367919922
Action: 1, Reward: -29.850055694580078
Action: 0, Reward: -32.426422119140625
Action: 2, Reward: -33.202598571777344
Action: 0, Reward: -31.309337615966797
Action: 3, Reward: -27.070968627929688
Action: 1, Reward: -32.889244079589844
Action: 2, Reward: -33.14533233642578
Action: 0, Reward: -32.30939483642578
Action: 1, Reward: -29.455352783203125
Action: 1, Reward: -40.50899124145508
Action: 2, Reward: -44.35761260986328
Action: 0, Reward: -31.768447875976562
Action: 1, Reward: -31.875171661376953
Action: 0, Reward: -32.629302978515625
Action: 2, Reward: -33.40827941894531
Action: 0, Reward: -31.729145050048828
Action: 1, Reward: -30.784568786621094
Action: 0, Reward: -30.864673614501953
Action: 2, Reward: -32.11093521118164
Action: 0, Reward: -30.765567779541016
Action: 1, Reward: -33.2762451171875
Action: 0, Reward: -33.16553497314453
Action: 2, Reward: -31.887815475463867
Action: 0, Reward: -35.04653549194336
Action: 1, Reward: -31.484588623046875
Action: 1, Reward: -43.21589279174805
Action: 2, Reward: -42.283721923828125
Action: 0, Reward: -30.07705307006836
Action: 1, Reward: -32.144737243652344
Action: 3, Reward: -30.226280212402344
Action: 2, Reward: -30.325727462768555
Action: 0, Reward: -32.90296936035156
Action: 1, Reward: -28.53866958618164
Action: 3, Reward: -30.991798400878906
Action: 0, Reward: -28.53316307067871
Action: 2, Reward: -31.898067474365234
Action: 0, Reward: -52.85905838012695
Action: 3, Reward: -31.11060333251953
Action: 2, Reward: -32.89020919799805
Action: 2, Reward: -45.696990966796875
Action: 3, Reward: -42.80255126953125
Action: 1, Reward: -29.95949935913086
Action: 0, Reward: -31.756553649902344
Action: 2, Reward: -31.020462036132812
Action: 3, Reward: -31.87710189819336
Action: 1, Reward: -32.241355895996094
Action: 0, Reward: -32.946083068847656
Action: 1, Reward: -30.98654556274414
Action: 3, Reward: -30.417070388793945
Action: 1, Reward: -32.64448547363281
Action: 0, Reward: -31.785079956054688
Action: 2, Reward: -30.49678611755371
Action: 2, Reward: -40.166282653808594
Action: 3, Reward: -32.93118667602539
Action: 1, Reward: -31.34661865234375
Action: 3, Reward: -31.591724395751953
Action: 0, Reward: -32.41339874267578
Action: 2, Reward: -30.31985092163086
Action: 3, Reward: -30.972469329833984
Action: 1, Reward: -29.75011444091797
Action: 0, Reward: -32.243675231933594
Action: 2, Reward: -31.130146026611328
Action: 3, Reward: -30.356822967529297
Action: 1, Reward: -31.984058380126953
Action: 0, Reward: -31.50463104248047
Action: 2, Reward: -30.613632202148438
Action: 3, Reward: -32.45891189575195
Action: 1, Reward: -31.071195602416992
Action: 0, Reward: -29.685379028320312
Action: 2, Reward: -30.34850311279297
Action: 3, Reward: -31.177043914794922
Action: 1, Reward: -32.11042785644531
Action: 0, Reward: -31.049938201904297
Action: 3, Reward: -29.554492950439453
Action: 2, Reward: -31.811630249023438
Action: 3, Reward: -32.63024139404297
Action: 1, Reward: -31.38335418701172
Action: 0, Reward: -32.81559753417969
Action: 3, Reward: -32.40068054199219
Action: 2, Reward: -30.232030868530273
Action: 2, Reward: -42.55497360229492
Action: 0, Reward: -34.620262145996094
Action: 1, Reward: -31.832195281982422
Action: 0, Reward: -31.60763931274414
Action: 0, Reward: -40.31036376953125
Action: 2, Reward: -32.188941955566406
Action: 2, Reward: -44.09555435180664
Action: 1, Reward: -33.544219970703125
Action: 0, Reward: -31.43425750732422
Action: 1, Reward: -29.909509658813477
Action: 2, Reward: -31.428756713867188
Action: 1, Reward: -31.936058044433594
Action: 1, Reward: -43.36185073852539
Action: 0, Reward: -32.34131622314453
Action: 3, Reward: -32.00551986694336
Action: 0, Reward: -31.155712127685547
Action: 2, Reward: -31.385906219482422
Action: 1, Reward: -30.104522705078125
Action: 3, Reward: -29.674049377441406
Action: 0, Reward: -30.456924438476562
Action: 2, Reward: -33.96720886230469
Action: 3, Reward: -29.538787841796875
Action: 3, Reward: -43.223812103271484
Action: 0, Reward: -33.449501037597656
Action: 2, Reward: -32.19424057006836
Action: 1, Reward: -31.765365600585938
Action: 2, Reward: -52.43311309814453
Action: 3, Reward: -29.838401794433594
Action: 1, Reward: -28.499916076660156
Action: 0, Reward: -32.35789489746094
Action: 2, Reward: -31.428455352783203
Action: 0, Reward: -31.98664093017578
Action: 3, Reward: -32.26366424560547
Action: 1, Reward: -31.46807861328125
Action: 0, Reward: -31.503341674804688
Action: 2, Reward: -31.765798568725586
Action: 3, Reward: -30.466754913330078
Action: 1, Reward: -28.749801635742188
Action: 0, Reward: -31.48338508605957
Action: 2, Reward: -30.772523880004883
Action: 3, Reward: -31.66541862487793
Action: 1, Reward: -31.215322494506836
Action: 0, Reward: -31.88247299194336
Action: 2, Reward: -30.634441375732422
Action: 3, Reward: -30.811519622802734
Action: 1, Reward: -31.51654052734375
Action: 0, Reward: -31.331085205078125
Action: 3, Reward: -31.042118072509766
Action: 1, Reward: -30.72260284423828
Action: 2, Reward: -30.836795806884766
Action: 0, Reward: -32.1131477355957
Action: 3, Reward: -30.834413528442383
Action: 1, Reward: -32.67945098876953
Action: 2, Reward: -31.135486602783203
Action: 0, Reward: -32.31730651855469
Action: 3, Reward: -30.285160064697266
Action: 2, Reward: -33.318870544433594
Action: 3, Reward: -31.121925354003906
Action: 1, Reward: -31.898250579833984
Action: 0, Reward: -28.937633514404297
Action: 2, Reward: -32.957061767578125
Action: 3, Reward: -30.233680725097656
Action: 0, Reward: -34.078243255615234
Action: 3, Reward: -32.944908142089844
Action: 2, Reward: -32.41481399536133
Action: 3, Reward: -30.580455780029297
Action: 0, Reward: -30.489011764526367
Action: 3, Reward: -31.78878402709961
Action: 2, Reward: -32.23755645751953
Action: 2, Reward: -44.59744644165039
Action: 3, Reward: -43.32671356201172
Action: 0, Reward: -30.879770278930664
Action: 2, Reward: -30.844999313354492
Action: 1, Reward: -30.920257568359375
Action: 0, Reward: -32.065303802490234
Action: 3, Reward: -31.9176025390625
Action: 2, Reward: -30.720809936523438
Action: 1, Reward: -30.640235900878906
Action: 0, Reward: -30.547740936279297
Action: 3, Reward: -30.183917999267578
Action: 2, Reward: -32.195068359375
Action: 3, Reward: -30.9852294921875
Action: 3, Reward: -44.062103271484375
Action: 1, Reward: -32.71806716918945
Action: 0, Reward: -30.65009307861328
Action: 2, Reward: -31.40196990966797
Action: 3, Reward: -32.270694732666016
Action: 1, Reward: -31.291343688964844
Action: 0, Reward: -31.698137283325195
Action: 2, Reward: -30.43560791015625
Action: 1, Reward: -28.208812713623047
Action: 3, Reward: -32.624359130859375
Action: 0, Reward: -30.265567779541016
Action: 2, Reward: -29.34090805053711
Action: 1, Reward: -32.377891540527344
Action: 2, Reward: -33.368011474609375
Action: 0, Reward: -31.71834945678711
Action: 1, Reward: -31.991016387939453
Action: 3, Reward: -31.289138793945312
Action: 3, Reward: -44.491756439208984
Action: 3, Reward: -53.2216796875
Action: 3, Reward: -45.892799377441406
Action: 3, Reward: -52.49041748046875
Action: 3, Reward: -47.40467834472656
Action: 2, Reward: -45.07075881958008
Action: 0, Reward: -29.02994155883789
Action: 3, Reward: -30.835113525390625
Action: 0, Reward: -31.34195327758789
Action: 1, Reward: -31.884185791015625
Action: 2, Reward: -30.595293045043945
Action: 0, Reward: -32.16250991821289
Action: 2, Reward: -31.21175765991211
Action: 1, Reward: -32.30237579345703
Action: 2, Reward: -31.523944854736328
Action: 0, Reward: -31.29920196533203
Action: 3, Reward: -29.72600555419922
Action: 1, Reward: -31.910900115966797
Action: 2, Reward: -31.442276000976562
Action: 0, Reward: -30.704118728637695
Action: 3, Reward: -29.689186096191406
Action: 1, Reward: -31.644887924194336
Action: 2, Reward: -31.19736099243164
Action: 0, Reward: -30.92584991455078
Action: 2, Reward: -29.95494270324707
Action: 3, Reward: -30.949419021606445
Action: 1, Reward: -31.61819839477539
Action: 0, Reward: -30.693782806396484
Action: 2, Reward: -30.206581115722656
Action: 3, Reward: -31.723154067993164
Action: 1, Reward: -30.76265525817871
Action: 0, Reward: -30.794837951660156
Action: 2, Reward: -30.16065788269043
Action: 3, Reward: -31.838260650634766
Action: 1, Reward: -30.615610122680664
Action: 0, Reward: -30.90957260131836
Action: 2, Reward: -32.274505615234375
Action: 3, Reward: -32.07094192504883
Action: 1, Reward: -31.532291412353516
Action: 0, Reward: -32.18788146972656
Action: 2, Reward: -30.469982147216797
Action: 3, Reward: -32.32324981689453
Action: 1, Reward: -30.255081176757812
Action: 0, Reward: -31.30670166015625
Action: 2, Reward: -31.36117935180664
Action: 3, Reward: -31.534793853759766
Action: 1, Reward: -30.364151000976562
Action: 0, Reward: -32.02589797973633
Action: 3, Reward: -30.921953201293945
Action: 0, Reward: -51.3720703125
Action: 1, Reward: -32.36869812011719
Action: 2, Reward: -30.469985961914062
Action: 3, Reward: -31.100128173828125
Action: 1, Reward: -31.224376678466797
Action: 0, Reward: -30.926624298095703
Action: 2, Reward: -31.93739891052246
Action: 3, Reward: -31.53067398071289
Action: 1, Reward: -30.72171401977539
Action: 0, Reward: -30.20770263671875
Action: 2, Reward: -28.022058486938477
Action: 3, Reward: -31.135330200195312
